\BOOKMARK [0][-]{init.0}{P\341gina de Rosto}{}% 1
\BOOKMARK [0][-]{chapter.1}{1 Introdu\347\343o}{}% 2
\BOOKMARK [1][-]{section.1.1}{1.1 Enquadramento}{chapter.1}% 3
\BOOKMARK [1][-]{section.1.2}{1.2 Motiva\347\343o e Objetivos}{chapter.1}% 4
\BOOKMARK [0][-]{chapter.2}{2 Revis\343o Bibliogr\341fica}{}% 5
\BOOKMARK [1][-]{section.2.1}{2.1 Contextualiza\347\343o}{chapter.2}% 6
\BOOKMARK [1][-]{section.2.2}{2.2 Par\342metros Intr\355nsecos}{chapter.2}% 7
\BOOKMARK [2][-]{subsection.2.2.1}{2.2.1 Lente olho de peixe}{section.2.2}% 8
\BOOKMARK [1][-]{section.2.3}{2.3 Par\342metros Extr\355nsecos}{chapter.2}% 9
\BOOKMARK [1][-]{section.2.4}{2.4 Detetores de Caracter\355sticas}{chapter.2}% 10
\BOOKMARK [2][-]{subsection.2.4.1}{2.4.1 Detetores de Cantos}{section.2.4}% 11
\BOOKMARK [3][-]{subsubsection.2.4.1.1}{2.4.1.1 Harris}{subsection.2.4.1}% 12
\BOOKMARK [3][-]{subsubsection.2.4.1.2}{2.4.1.2 FAST}{subsection.2.4.1}% 13
\BOOKMARK [2][-]{subsection.2.4.2}{2.4.2 Detectores de blobs}{section.2.4}% 14
\BOOKMARK [3][-]{subsubsection.2.4.2.1}{2.4.2.1 SIFT}{subsection.2.4.2}% 15
\BOOKMARK [3][-]{subsubsection.2.4.2.2}{2.4.2.2 SURF}{subsection.2.4.2}% 16
\BOOKMARK [1][-]{section.2.5}{2.5 Descritor de Caracter\355sticas}{chapter.2}% 17
\BOOKMARK [2][-]{subsection.2.5.1}{2.5.1 ORB}{section.2.5}% 18
\BOOKMARK [2][-]{subsection.2.5.2}{2.5.2 SIFT}{section.2.5}% 19
\BOOKMARK [2][-]{subsection.2.5.3}{2.5.3 SURF}{section.2.5}% 20
\BOOKMARK [1][-]{section.2.6}{2.6 Associa\347\343o de Caracter\355sticas}{chapter.2}% 21
\BOOKMARK [2][-]{subsection.2.6.1}{2.6.1 Correspond\352ncia de Caracter\355sticas}{section.2.6}% 22
\BOOKMARK [2][-]{subsection.2.6.2}{2.6.2 Seguimento de Caracter\355sticas}{section.2.6}% 23
\BOOKMARK [1][-]{section.2.7}{2.7 Estima\347\343o do movimento}{chapter.2}% 24
\BOOKMARK [2][-]{subsection.2.7.1}{2.7.1 2D-para-2D}{section.2.7}% 25
\BOOKMARK [2][-]{subsection.2.7.2}{2.7.2 3D-para-3D}{section.2.7}% 26
\BOOKMARK [2][-]{subsection.2.7.3}{2.7.3 3D-para-2D}{section.2.7}% 27
\BOOKMARK [1][-]{section.2.8}{2.8 M\351todos de ajuste de erros}{chapter.2}% 28
\BOOKMARK [2][-]{subsection.2.8.1}{2.8.1 Windowed bundle adjustment}{section.2.8}% 29
\BOOKMARK [2][-]{subsection.2.8.2}{2.8.2 RANSAC}{section.2.8}% 30
\BOOKMARK [0][-]{chapter.3}{3 Caracteriza\347\343o do problema}{}% 31
\BOOKMARK [0][-]{chapter.4}{4 Plano de Trabalho}{}% 32
\BOOKMARK [0][-]{chapter.5}{5 Sistema de Odometria Visual}{}% 33
\BOOKMARK [1][-]{section.5.1}{5.1 Software}{chapter.5}% 34
\BOOKMARK [2][-]{subsection.5.1.1}{5.1.1 ROS}{section.5.1}% 35
\BOOKMARK [3][-]{subsubsection.5.1.1.1}{5.1.1.1 Desenvolvimento em ROS}{subsection.5.1.1}% 36
\BOOKMARK [2][-]{subsection.5.1.2}{5.1.2 Desenvolvimento em Matlab}{section.5.1}% 37
\BOOKMARK [1][-]{section.5.2}{5.2 Hardware}{chapter.5}% 38
\BOOKMARK [2][-]{subsection.5.2.1}{5.2.1 Raspberry Pi}{section.5.2}% 39
\BOOKMARK [2][-]{subsection.5.2.2}{5.2.2 C\342mara com lente olho de peixe}{section.5.2}% 40
\BOOKMARK [1][-]{section.5.3}{5.3 Configura\347\343o dos testes}{chapter.5}% 41
\BOOKMARK [2][-]{subsection.5.3.1}{5.3.1 Teste 1}{section.5.3}% 42
\BOOKMARK [2][-]{subsection.5.3.2}{5.3.2 Teste 2}{section.5.3}% 43
\BOOKMARK [0][-]{chapter.6}{6 Resultados Experimentais}{}% 44
\BOOKMARK [1][-]{section.6.1}{6.1 Testes}{chapter.6}% 45
\BOOKMARK [2][-]{subsection.6.1.1}{6.1.1 Teste de par\342metros}{section.6.1}% 46
\BOOKMARK [2][-]{subsection.6.1.2}{6.1.2 Sequ\352ncia sem Movimento}{section.6.1}% 47
\BOOKMARK [2][-]{subsection.6.1.3}{6.1.3 Dete\347\343o da trajet\363ria}{section.6.1}% 48
\BOOKMARK [0][-]{chapter.7}{7 Conclus\365es e Trabalho Futuro}{}% 49
\BOOKMARK [1][-]{section.7.1}{7.1 Conclus\365es}{chapter.7}% 50
\BOOKMARK [1][-]{section.7.2}{7.2 Trabalho Futuro}{chapter.7}% 51
