This is pdfTeX, Version 3.14159265-2.6-1.40.19 (MiKTeX 2.9.6650) (preloaded format=pdflatex 2018.5.15)  19 MAY 2018 15:52
entering extended mode
**./pdi.tex
(pdi.tex
LaTeX2e <2017-04-15>
Babel <3.18> and hyphenation patterns for 0 language(s) loaded.
(/home/sergiopinto/.miktex/texmfs/install/tex/latex/base/report.cls
Document Class: report 2014/09/29 v1.4h Standard LaTeX document class
(/home/sergiopinto/.miktex/texmfs/install/tex/latex/base/size11.clo
File: size11.clo 2014/09/29 v1.4h Standard LaTeX file (size option)
)
\c@part=\count79
\c@chapter=\count80
\c@section=\count81
\c@subsection=\count82
\c@subsubsection=\count83
\c@paragraph=\count84
\c@subparagraph=\count85
\c@figure=\count86
\c@table=\count87
\abovecaptionskip=\skip41
\belowcaptionskip=\skip42
\bibindent=\dimen102
)
(/home/sergiopinto/.miktex/texmfs/install/tex/latex/base/inputenc.sty
Package: inputenc 2015/03/17 v1.2c Input encoding file
\inpenc@prehook=\toks14
\inpenc@posthook=\toks15

(/home/sergiopinto/.miktex/texmfs/install/tex/latex/base/utf8.def
File: utf8.def 2017/01/28 v1.1t UTF-8 support for inputenc
Now handling font encoding OML ...
... no UTF-8 mapping file for font encoding OML
Now handling font encoding T1 ...
... processing UTF-8 mapping file for font encoding T1

(/home/sergiopinto/.miktex/texmfs/install/tex/latex/base/t1enc.dfu
File: t1enc.dfu 2017/01/28 v1.1t UTF-8 support for inputenc
   defining Unicode char U+00A0 (decimal 160)
   defining Unicode char U+00A1 (decimal 161)
   defining Unicode char U+00A3 (decimal 163)
   defining Unicode char U+00AB (decimal 171)
   defining Unicode char U+00AD (decimal 173)
   defining Unicode char U+00BB (decimal 187)
   defining Unicode char U+00BF (decimal 191)
   defining Unicode char U+00C0 (decimal 192)
   defining Unicode char U+00C1 (decimal 193)
   defining Unicode char U+00C2 (decimal 194)
   defining Unicode char U+00C3 (decimal 195)
   defining Unicode char U+00C4 (decimal 196)
   defining Unicode char U+00C5 (decimal 197)
   defining Unicode char U+00C6 (decimal 198)
   defining Unicode char U+00C7 (decimal 199)
   defining Unicode char U+00C8 (decimal 200)
   defining Unicode char U+00C9 (decimal 201)
   defining Unicode char U+00CA (decimal 202)
   defining Unicode char U+00CB (decimal 203)
   defining Unicode char U+00CC (decimal 204)
   defining Unicode char U+00CD (decimal 205)
   defining Unicode char U+00CE (decimal 206)
   defining Unicode char U+00CF (decimal 207)
   defining Unicode char U+00D0 (decimal 208)
   defining Unicode char U+00D1 (decimal 209)
   defining Unicode char U+00D2 (decimal 210)
   defining Unicode char U+00D3 (decimal 211)
   defining Unicode char U+00D4 (decimal 212)
   defining Unicode char U+00D5 (decimal 213)
   defining Unicode char U+00D6 (decimal 214)
   defining Unicode char U+00D8 (decimal 216)
   defining Unicode char U+00D9 (decimal 217)
   defining Unicode char U+00DA (decimal 218)
   defining Unicode char U+00DB (decimal 219)
   defining Unicode char U+00DC (decimal 220)
   defining Unicode char U+00DD (decimal 221)
   defining Unicode char U+00DE (decimal 222)
   defining Unicode char U+00DF (decimal 223)
   defining Unicode char U+00E0 (decimal 224)
   defining Unicode char U+00E1 (decimal 225)
   defining Unicode char U+00E2 (decimal 226)
   defining Unicode char U+00E3 (decimal 227)
   defining Unicode char U+00E4 (decimal 228)
   defining Unicode char U+00E5 (decimal 229)
   defining Unicode char U+00E6 (decimal 230)
   defining Unicode char U+00E7 (decimal 231)
   defining Unicode char U+00E8 (decimal 232)
   defining Unicode char U+00E9 (decimal 233)
   defining Unicode char U+00EA (decimal 234)
   defining Unicode char U+00EB (decimal 235)
   defining Unicode char U+00EC (decimal 236)
   defining Unicode char U+00ED (decimal 237)
   defining Unicode char U+00EE (decimal 238)
   defining Unicode char U+00EF (decimal 239)
   defining Unicode char U+00F0 (decimal 240)
   defining Unicode char U+00F1 (decimal 241)
   defining Unicode char U+00F2 (decimal 242)
   defining Unicode char U+00F3 (decimal 243)
   defining Unicode char U+00F4 (decimal 244)
   defining Unicode char U+00F5 (decimal 245)
   defining Unicode char U+00F6 (decimal 246)
   defining Unicode char U+00F8 (decimal 248)
   defining Unicode char U+00F9 (decimal 249)
   defining Unicode char U+00FA (decimal 250)
   defining Unicode char U+00FB (decimal 251)
   defining Unicode char U+00FC (decimal 252)
   defining Unicode char U+00FD (decimal 253)
   defining Unicode char U+00FE (decimal 254)
   defining Unicode char U+00FF (decimal 255)
   defining Unicode char U+0100 (decimal 256)
   defining Unicode char U+0101 (decimal 257)
   defining Unicode char U+0102 (decimal 258)
   defining Unicode char U+0103 (decimal 259)
   defining Unicode char U+0104 (decimal 260)
   defining Unicode char U+0105 (decimal 261)
   defining Unicode char U+0106 (decimal 262)
   defining Unicode char U+0107 (decimal 263)
   defining Unicode char U+0108 (decimal 264)
   defining Unicode char U+0109 (decimal 265)
   defining Unicode char U+010A (decimal 266)
   defining Unicode char U+010B (decimal 267)
   defining Unicode char U+010C (decimal 268)
   defining Unicode char U+010D (decimal 269)
   defining Unicode char U+010E (decimal 270)
   defining Unicode char U+010F (decimal 271)
   defining Unicode char U+0110 (decimal 272)
   defining Unicode char U+0111 (decimal 273)
   defining Unicode char U+0112 (decimal 274)
   defining Unicode char U+0113 (decimal 275)
   defining Unicode char U+0114 (decimal 276)
   defining Unicode char U+0115 (decimal 277)
   defining Unicode char U+0116 (decimal 278)
   defining Unicode char U+0117 (decimal 279)
   defining Unicode char U+0118 (decimal 280)
   defining Unicode char U+0119 (decimal 281)
   defining Unicode char U+011A (decimal 282)
   defining Unicode char U+011B (decimal 283)
   defining Unicode char U+011C (decimal 284)
   defining Unicode char U+011D (decimal 285)
   defining Unicode char U+011E (decimal 286)
   defining Unicode char U+011F (decimal 287)
   defining Unicode char U+0120 (decimal 288)
   defining Unicode char U+0121 (decimal 289)
   defining Unicode char U+0122 (decimal 290)
   defining Unicode char U+0123 (decimal 291)
   defining Unicode char U+0124 (decimal 292)
   defining Unicode char U+0125 (decimal 293)
   defining Unicode char U+0128 (decimal 296)
   defining Unicode char U+0129 (decimal 297)
   defining Unicode char U+012A (decimal 298)
   defining Unicode char U+012B (decimal 299)
   defining Unicode char U+012C (decimal 300)
   defining Unicode char U+012D (decimal 301)
   defining Unicode char U+012E (decimal 302)
   defining Unicode char U+012F (decimal 303)
   defining Unicode char U+0130 (decimal 304)
   defining Unicode char U+0131 (decimal 305)
   defining Unicode char U+0132 (decimal 306)
   defining Unicode char U+0133 (decimal 307)
   defining Unicode char U+0134 (decimal 308)
   defining Unicode char U+0135 (decimal 309)
   defining Unicode char U+0136 (decimal 310)
   defining Unicode char U+0137 (decimal 311)
   defining Unicode char U+0139 (decimal 313)
   defining Unicode char U+013A (decimal 314)
   defining Unicode char U+013B (decimal 315)
   defining Unicode char U+013C (decimal 316)
   defining Unicode char U+013D (decimal 317)
   defining Unicode char U+013E (decimal 318)
   defining Unicode char U+0141 (decimal 321)
   defining Unicode char U+0142 (decimal 322)
   defining Unicode char U+0143 (decimal 323)
   defining Unicode char U+0144 (decimal 324)
   defining Unicode char U+0145 (decimal 325)
   defining Unicode char U+0146 (decimal 326)
   defining Unicode char U+0147 (decimal 327)
   defining Unicode char U+0148 (decimal 328)
   defining Unicode char U+014A (decimal 330)
   defining Unicode char U+014B (decimal 331)
   defining Unicode char U+014C (decimal 332)
   defining Unicode char U+014D (decimal 333)
   defining Unicode char U+014E (decimal 334)
   defining Unicode char U+014F (decimal 335)
   defining Unicode char U+0150 (decimal 336)
   defining Unicode char U+0151 (decimal 337)
   defining Unicode char U+0152 (decimal 338)
   defining Unicode char U+0153 (decimal 339)
   defining Unicode char U+0154 (decimal 340)
   defining Unicode char U+0155 (decimal 341)
   defining Unicode char U+0156 (decimal 342)
   defining Unicode char U+0157 (decimal 343)
   defining Unicode char U+0158 (decimal 344)
   defining Unicode char U+0159 (decimal 345)
   defining Unicode char U+015A (decimal 346)
   defining Unicode char U+015B (decimal 347)
   defining Unicode char U+015C (decimal 348)
   defining Unicode char U+015D (decimal 349)
   defining Unicode char U+015E (decimal 350)
   defining Unicode char U+015F (decimal 351)
   defining Unicode char U+0160 (decimal 352)
   defining Unicode char U+0161 (decimal 353)
   defining Unicode char U+0162 (decimal 354)
   defining Unicode char U+0163 (decimal 355)
   defining Unicode char U+0164 (decimal 356)
   defining Unicode char U+0165 (decimal 357)
   defining Unicode char U+0168 (decimal 360)
   defining Unicode char U+0169 (decimal 361)
   defining Unicode char U+016A (decimal 362)
   defining Unicode char U+016B (decimal 363)
   defining Unicode char U+016C (decimal 364)
   defining Unicode char U+016D (decimal 365)
   defining Unicode char U+016E (decimal 366)
   defining Unicode char U+016F (decimal 367)
   defining Unicode char U+0170 (decimal 368)
   defining Unicode char U+0171 (decimal 369)
   defining Unicode char U+0172 (decimal 370)
   defining Unicode char U+0173 (decimal 371)
   defining Unicode char U+0174 (decimal 372)
   defining Unicode char U+0175 (decimal 373)
   defining Unicode char U+0176 (decimal 374)
   defining Unicode char U+0177 (decimal 375)
   defining Unicode char U+0178 (decimal 376)
   defining Unicode char U+0179 (decimal 377)
   defining Unicode char U+017A (decimal 378)
   defining Unicode char U+017B (decimal 379)
   defining Unicode char U+017C (decimal 380)
   defining Unicode char U+017D (decimal 381)
   defining Unicode char U+017E (decimal 382)
   defining Unicode char U+01CD (decimal 461)
   defining Unicode char U+01CE (decimal 462)
   defining Unicode char U+01CF (decimal 463)
   defining Unicode char U+01D0 (decimal 464)
   defining Unicode char U+01D1 (decimal 465)
   defining Unicode char U+01D2 (decimal 466)
   defining Unicode char U+01D3 (decimal 467)
   defining Unicode char U+01D4 (decimal 468)
   defining Unicode char U+01E2 (decimal 482)
   defining Unicode char U+01E3 (decimal 483)
   defining Unicode char U+01E6 (decimal 486)
   defining Unicode char U+01E7 (decimal 487)
   defining Unicode char U+01E8 (decimal 488)
   defining Unicode char U+01E9 (decimal 489)
   defining Unicode char U+01EA (decimal 490)
   defining Unicode char U+01EB (decimal 491)
   defining Unicode char U+01F0 (decimal 496)
   defining Unicode char U+01F4 (decimal 500)
   defining Unicode char U+01F5 (decimal 501)
   defining Unicode char U+0218 (decimal 536)
   defining Unicode char U+0219 (decimal 537)
   defining Unicode char U+021A (decimal 538)
   defining Unicode char U+021B (decimal 539)
   defining Unicode char U+0232 (decimal 562)
   defining Unicode char U+0233 (decimal 563)
   defining Unicode char U+1E02 (decimal 7682)
   defining Unicode char U+1E03 (decimal 7683)
   defining Unicode char U+200C (decimal 8204)
   defining Unicode char U+2010 (decimal 8208)
   defining Unicode char U+2011 (decimal 8209)
   defining Unicode char U+2012 (decimal 8210)
   defining Unicode char U+2013 (decimal 8211)
   defining Unicode char U+2014 (decimal 8212)
   defining Unicode char U+2015 (decimal 8213)
   defining Unicode char U+2018 (decimal 8216)
   defining Unicode char U+2019 (decimal 8217)
   defining Unicode char U+201A (decimal 8218)
   defining Unicode char U+201C (decimal 8220)
   defining Unicode char U+201D (decimal 8221)
   defining Unicode char U+201E (decimal 8222)
   defining Unicode char U+2030 (decimal 8240)
   defining Unicode char U+2031 (decimal 8241)
   defining Unicode char U+2039 (decimal 8249)
   defining Unicode char U+203A (decimal 8250)
   defining Unicode char U+2423 (decimal 9251)
   defining Unicode char U+1E20 (decimal 7712)
   defining Unicode char U+1E21 (decimal 7713)
)
Now handling font encoding OT1 ...
... processing UTF-8 mapping file for font encoding OT1

(/home/sergiopinto/.miktex/texmfs/install/tex/latex/base/ot1enc.dfu
File: ot1enc.dfu 2017/01/28 v1.1t UTF-8 support for inputenc
   defining Unicode char U+00A0 (decimal 160)
   defining Unicode char U+00A1 (decimal 161)
   defining Unicode char U+00A3 (decimal 163)
   defining Unicode char U+00AD (decimal 173)
   defining Unicode char U+00B8 (decimal 184)
   defining Unicode char U+00BF (decimal 191)
   defining Unicode char U+00C5 (decimal 197)
   defining Unicode char U+00C6 (decimal 198)
   defining Unicode char U+00D8 (decimal 216)
   defining Unicode char U+00DF (decimal 223)
   defining Unicode char U+00E6 (decimal 230)
   defining Unicode char U+00EC (decimal 236)
   defining Unicode char U+00ED (decimal 237)
   defining Unicode char U+00EE (decimal 238)
   defining Unicode char U+00EF (decimal 239)
   defining Unicode char U+00F8 (decimal 248)
   defining Unicode char U+0131 (decimal 305)
   defining Unicode char U+0141 (decimal 321)
   defining Unicode char U+0142 (decimal 322)
   defining Unicode char U+0152 (decimal 338)
   defining Unicode char U+0153 (decimal 339)
   defining Unicode char U+0174 (decimal 372)
   defining Unicode char U+0175 (decimal 373)
   defining Unicode char U+0176 (decimal 374)
   defining Unicode char U+0177 (decimal 375)
   defining Unicode char U+0218 (decimal 536)
   defining Unicode char U+0219 (decimal 537)
   defining Unicode char U+021A (decimal 538)
   defining Unicode char U+021B (decimal 539)
   defining Unicode char U+2013 (decimal 8211)
   defining Unicode char U+2014 (decimal 8212)
   defining Unicode char U+2018 (decimal 8216)
   defining Unicode char U+2019 (decimal 8217)
   defining Unicode char U+201C (decimal 8220)
   defining Unicode char U+201D (decimal 8221)
)
Now handling font encoding OMS ...
... processing UTF-8 mapping file for font encoding OMS

(/home/sergiopinto/.miktex/texmfs/install/tex/latex/base/omsenc.dfu
File: omsenc.dfu 2017/01/28 v1.1t UTF-8 support for inputenc
   defining Unicode char U+00A7 (decimal 167)
   defining Unicode char U+00B6 (decimal 182)
   defining Unicode char U+00B7 (decimal 183)
   defining Unicode char U+2020 (decimal 8224)
   defining Unicode char U+2021 (decimal 8225)
   defining Unicode char U+2022 (decimal 8226)
)
Now handling font encoding OMX ...
... no UTF-8 mapping file for font encoding OMX
Now handling font encoding U ...
... no UTF-8 mapping file for font encoding U
   defining Unicode char U+00A9 (decimal 169)
   defining Unicode char U+00AA (decimal 170)
   defining Unicode char U+00AE (decimal 174)
   defining Unicode char U+00BA (decimal 186)
   defining Unicode char U+02C6 (decimal 710)
   defining Unicode char U+02DC (decimal 732)
   defining Unicode char U+200C (decimal 8204)
   defining Unicode char U+2026 (decimal 8230)
   defining Unicode char U+2122 (decimal 8482)
   defining Unicode char U+2423 (decimal 9251)
))
(feupteses.sty
Package: feupteses 2014/01/24 1.1.1 

Document Style `FEUP Teses' 1.1.1 <2014/01/24>
(/home/sergiopinto/.miktex/texmfs/install/tex/generic/oberdiek/ifpdf.sty
Package: ifpdf 2017/03/15 v3.2 Provides the ifpdf switch
)
(/home/sergiopinto/.miktex/texmfs/install/tex/latex/base/fontenc.sty
Package: fontenc 2017/04/05 v2.0i Standard LaTeX package

(/home/sergiopinto/.miktex/texmfs/install/tex/latex/base/t1enc.def
File: t1enc.def 2017/04/05 v2.0i Standard LaTeX file
LaTeX Font Info:    Redeclaring font encoding T1 on input line 48.
))
(/home/sergiopinto/.miktex/texmfs/install/tex/generic/babel/babel.sty
Package: babel 2018/02/14 3.18 The Babel package

(/home/sergiopinto/.miktex/texmfs/install/tex/generic/babel/switch.def
File: switch.def 2018/02/14 3.18 Babel switching mechanism
)
*************************************
* Local config file bblopts.cfg used
*
(/home/sergiopinto/.miktex/texmfs/install/tex/latex/arabi/bblopts.cfg
File: bblopts.cfg 2005/09/08 v0.1 add Arabic and Farsi to "declared" options of
 babel
)
(/home/sergiopinto/.miktex/texmfs/install/tex/latex/babel-portuges/portuges.ldf
Language: portuges 2008/03/18 v1.2q Portuguese support from the babel system
(/home/sergiopinto/.miktex/texmfs/install/tex/generic/babel/babel.def
File: babel.def 2018/02/14 3.18 Babel common definitions
\babel@savecnt=\count88
\U@D=\dimen103

(/home/sergiopinto/.miktex/texmfs/install/tex/generic/babel/txtbabel.def)
\bbl@dirlevel=\count89
)

Package babel Warning: No hyphenation patterns were preloaded for
(babel)                the language `Portuguese' into the format.
(babel)                Please, configure your TeX system to add them and
(babel)                rebuild the format. Now I will use the patterns
(babel)                preloaded for \language=0 instead on input line 55.

\l@portuges = a dialect from \language0
Package babel Info: Making " an active character on input line 145.
)) (/home/sergiopinto/.miktex/texmfs/install/tex/latex/tools/indentfirst.sty
Package: indentfirst 1995/11/23 v1.03 Indent first paragraph (DPC)
)
(/home/sergiopinto/.miktex/texmfs/install/tex/latex/geometry-de/geometry.sty
Package: geometry 2010/09/12 v5.6 Page Geometry

(/home/sergiopinto/.miktex/texmfs/install/tex/latex/graphics/keyval.sty
Package: keyval 2014/10/28 v1.15 key=value parser (DPC)
\KV@toks@=\toks16
)
(/home/sergiopinto/.miktex/texmfs/install/tex/generic/oberdiek/ifvtex.sty
Package: ifvtex 2016/05/16 v1.6 Detect VTeX and its facilities (HO)
Package ifvtex Info: VTeX not detected.
)
(/home/sergiopinto/.miktex/texmfs/install/tex/generic/ifxetex/ifxetex.sty
Package: ifxetex 2010/09/12 v0.6 Provides ifxetex conditional
)
\Gm@cnth=\count90
\Gm@cntv=\count91
\c@Gm@tempcnt=\count92
\Gm@bindingoffset=\dimen104
\Gm@wd@mp=\dimen105
\Gm@odd@mp=\dimen106
\Gm@even@mp=\dimen107
\Gm@layoutwidth=\dimen108
\Gm@layoutheight=\dimen109
\Gm@layouthoffset=\dimen110
\Gm@layoutvoffset=\dimen111
\Gm@dimlist=\toks17

(/home/sergiopinto/.miktex/texmfs/install/tex/latex/geometry/geometry.cfg))
(/home/sergiopinto/.miktex/texmfs/install/tex/latex/psnfss/mathptmx.sty
Package: mathptmx 2005/04/12 PSNFSS-v9.2a Times w/ Math, improved (SPQR, WaS) 
LaTeX Font Info:    Redeclaring symbol font `operators' on input line 28.
LaTeX Font Info:    Overwriting symbol font `operators' in version `normal'
(Font)                  OT1/cmr/m/n --> OT1/ztmcm/m/n on input line 28.
LaTeX Font Info:    Overwriting symbol font `operators' in version `bold'
(Font)                  OT1/cmr/bx/n --> OT1/ztmcm/m/n on input line 28.
LaTeX Font Info:    Redeclaring symbol font `letters' on input line 29.
LaTeX Font Info:    Overwriting symbol font `letters' in version `normal'
(Font)                  OML/cmm/m/it --> OML/ztmcm/m/it on input line 29.
LaTeX Font Info:    Overwriting symbol font `letters' in version `bold'
(Font)                  OML/cmm/b/it --> OML/ztmcm/m/it on input line 29.
LaTeX Font Info:    Redeclaring symbol font `symbols' on input line 30.
LaTeX Font Info:    Overwriting symbol font `symbols' in version `normal'
(Font)                  OMS/cmsy/m/n --> OMS/ztmcm/m/n on input line 30.
LaTeX Font Info:    Overwriting symbol font `symbols' in version `bold'
(Font)                  OMS/cmsy/b/n --> OMS/ztmcm/m/n on input line 30.
LaTeX Font Info:    Redeclaring symbol font `largesymbols' on input line 31.
LaTeX Font Info:    Overwriting symbol font `largesymbols' in version `normal'
(Font)                  OMX/cmex/m/n --> OMX/ztmcm/m/n on input line 31.
LaTeX Font Info:    Overwriting symbol font `largesymbols' in version `bold'
(Font)                  OMX/cmex/m/n --> OMX/ztmcm/m/n on input line 31.
\symbold=\mathgroup4
\symitalic=\mathgroup5
LaTeX Font Info:    Redeclaring math alphabet \mathbf on input line 34.
LaTeX Font Info:    Overwriting math alphabet `\mathbf' in version `normal'
(Font)                  OT1/cmr/bx/n --> OT1/ptm/bx/n on input line 34.
LaTeX Font Info:    Overwriting math alphabet `\mathbf' in version `bold'
(Font)                  OT1/cmr/bx/n --> OT1/ptm/bx/n on input line 34.
LaTeX Font Info:    Redeclaring math alphabet \mathit on input line 35.
LaTeX Font Info:    Overwriting math alphabet `\mathit' in version `normal'
(Font)                  OT1/cmr/m/it --> OT1/ptm/m/it on input line 35.
LaTeX Font Info:    Overwriting math alphabet `\mathit' in version `bold'
(Font)                  OT1/cmr/bx/it --> OT1/ptm/m/it on input line 35.
LaTeX Info: Redefining \hbar on input line 50.
)
(/home/sergiopinto/.miktex/texmfs/install/tex/latex/courier-scaled/couriers.sty
Package: couriers 2004/07/10 Scaled Courier (HS) 
) (/home/sergiopinto/.miktex/texmfs/install/tex/latex/psnfss/helvet.sty
Package: helvet 2005/04/12 PSNFSS-v9.2a (WaS) 
)
(/home/sergiopinto/.miktex/texmfs/install/tex/latex/graphics/graphicx.sty
Package: graphicx 2017/06/01 v1.1a Enhanced LaTeX Graphics (DPC,SPQR)

(/home/sergiopinto/.miktex/texmfs/install/tex/latex/graphics/graphics.sty
Package: graphics 2017/06/25 v1.2c Standard LaTeX Graphics (DPC,SPQR)

(/home/sergiopinto/.miktex/texmfs/install/tex/latex/graphics/trig.sty
Package: trig 2016/01/03 v1.10 sin cos tan (DPC)
)
(/home/sergiopinto/.miktex/texmfs/install/tex/latex/graphics-cfg/graphics.cfg
File: graphics.cfg 2016/06/04 v1.11 sample graphics configuration
)
Package graphics Info: Driver file: pdftex.def on input line 99.

(/home/sergiopinto/.miktex/texmfs/install/tex/latex/graphics-def/pdftex.def
File: pdftex.def 2018/01/08 v1.0l Graphics/color driver for pdftex
))
\Gin@req@height=\dimen112
\Gin@req@width=\dimen113
)
(/home/sergiopinto/.miktex/texmfs/install/tex/latex/url/url.sty
\Urlmuskip=\muskip10
Package: url 2013/09/16  ver 3.4  Verb mode for urls, etc.
)
(/home/sergiopinto/.miktex/texmfs/install/tex/latex/setspace/setspace.sty
Package: setspace 2011/12/19 v6.7a set line spacing
)
(/home/sergiopinto/.miktex/texmfs/install/tex/latex/base/makeidx.sty
Package: makeidx 2014/09/29 v1.0m Standard LaTeX package
)
(/home/sergiopinto/.miktex/texmfs/install/tex/latex/caption/caption.sty
Package: caption 2016/02/21 v3.3-144 Customizing captions (AR)

(/home/sergiopinto/.miktex/texmfs/install/tex/latex/caption/caption3.sty
Package: caption3 2016/05/22 v1.7-166 caption3 kernel (AR)
Package caption3 Info: TeX engine: e-TeX on input line 67.
\captionmargin=\dimen114
\captionmargin@=\dimen115
\captionwidth=\dimen116
\caption@tempdima=\dimen117
\caption@indent=\dimen118
\caption@parindent=\dimen119
\caption@hangindent=\dimen120
)
\c@ContinuedFloat=\count93
)
(/home/sergiopinto/.miktex/texmfs/install/tex/latex/lineno/lineno.sty
Package: lineno 2005/11/02 line numbers on paragraphs v4.41
\linenopenalty=\count94
\output=\toks18
\linenoprevgraf=\count95
\linenumbersep=\dimen121
\linenumberwidth=\dimen122
\c@linenumber=\count96
\c@pagewiselinenumber=\count97
\c@LN@truepage=\count98
\c@internallinenumber=\count99
\c@internallinenumbers=\count100
\quotelinenumbersep=\dimen123
\bframerule=\dimen124
\bframesep=\dimen125
\bframebox=\box26
LaTeX Info: Redefining \\ on input line 3056.
)
\@vivatext=\box27
\@supervisorstext=\box28

(/home/sergiopinto/.miktex/texmfs/install/tex/latex/fancyhdr/fancyhdr.sty
Package: fancyhdr 2017/06/30 v3.9a Extensive control of page headers and footer
s
\f@nch@headwidth=\skip43
\f@nch@O@elh=\skip44
\f@nch@O@erh=\skip45
\f@nch@O@olh=\skip46
\f@nch@O@orh=\skip47
\f@nch@O@elf=\skip48
\f@nch@O@erf=\skip49
\f@nch@O@olf=\skip50
\f@nch@O@orf=\skip51
)
(/home/sergiopinto/.miktex/texmfs/install/tex/latex/hyperref/hyperref.sty
Package: hyperref 2018/02/06 v6.86b Hypertext links for LaTeX

(/home/sergiopinto/.miktex/texmfs/install/tex/generic/oberdiek/hobsub-hyperref.
sty
Package: hobsub-hyperref 2016/05/16 v1.14 Bundle oberdiek, subset hyperref (HO)


(/home/sergiopinto/.miktex/texmfs/install/tex/generic/oberdiek/hobsub-generic.s
ty
Package: hobsub-generic 2016/05/16 v1.14 Bundle oberdiek, subset generic (HO)
Package: hobsub 2016/05/16 v1.14 Construct package bundles (HO)
Package: infwarerr 2016/05/16 v1.4 Providing info/warning/error messages (HO)
Package: ltxcmds 2016/05/16 v1.23 LaTeX kernel commands for general use (HO)
Package: ifluatex 2016/05/16 v1.4 Provides the ifluatex switch (HO)
Package ifluatex Info: LuaTeX not detected.
Package hobsub Info: Skipping package `ifvtex' (already loaded).
Package: intcalc 2016/05/16 v1.2 Expandable calculations with integers (HO)
Package hobsub Info: Skipping package `ifpdf' (already loaded).
Package: etexcmds 2016/05/16 v1.6 Avoid name clashes with e-TeX commands (HO)
Package etexcmds Info: Could not find \expanded.
(etexcmds)             That can mean that you are not using pdfTeX 1.50 or
(etexcmds)             that some package has redefined \expanded.
(etexcmds)             In the latter case, load this package earlier.
Package: kvsetkeys 2016/05/16 v1.17 Key value parser (HO)
Package: kvdefinekeys 2016/05/16 v1.4 Define keys (HO)
Package: pdftexcmds 2018/01/21 v0.26 Utility functions of pdfTeX for LuaTeX (HO
)
Package pdftexcmds Info: LuaTeX not detected.
Package pdftexcmds Info: \pdf@primitive is available.
Package pdftexcmds Info: \pdf@ifprimitive is available.
Package pdftexcmds Info: \pdfdraftmode found.
Package: pdfescape 2016/05/16 v1.14 Implements pdfTeX's escape features (HO)
Package: bigintcalc 2016/05/16 v1.4 Expandable calculations on big integers (HO
)
Package: bitset 2016/05/16 v1.2 Handle bit-vector datatype (HO)
Package: uniquecounter 2016/05/16 v1.3 Provide unlimited unique counter (HO)
)
Package hobsub Info: Skipping package `hobsub' (already loaded).
Package: letltxmacro 2016/05/16 v1.5 Let assignment for LaTeX macros (HO)
Package: hopatch 2016/05/16 v1.3 Wrapper for package hooks (HO)
Package: xcolor-patch 2016/05/16 xcolor patch
Package: atveryend 2016/05/16 v1.9 Hooks at the very end of document (HO)
Package atveryend Info: \enddocument detected (standard20110627).
Package: atbegshi 2016/06/09 v1.18 At begin shipout hook (HO)
Package: refcount 2016/05/16 v3.5 Data extraction from label references (HO)
Package: hycolor 2016/05/16 v1.8 Color options for hyperref/bookmark (HO)
) (/home/sergiopinto/.miktex/texmfs/install/tex/latex/oberdiek/auxhook.sty
Package: auxhook 2016/05/16 v1.4 Hooks for auxiliary files (HO)
)
(/home/sergiopinto/.miktex/texmfs/install/tex/latex/oberdiek/kvoptions.sty
Package: kvoptions 2016/05/16 v3.12 Key value format for package options (HO)
)
\@linkdim=\dimen126
\Hy@linkcounter=\count101
\Hy@pagecounter=\count102

(/home/sergiopinto/.miktex/texmfs/install/tex/latex/hyperref/pd1enc.def
File: pd1enc.def 2018/02/06 v6.86b Hyperref: PDFDocEncoding definition (HO)
Now handling font encoding PD1 ...
... no UTF-8 mapping file for font encoding PD1
)
\Hy@SavedSpaceFactor=\count103

(/home/sergiopinto/.miktex/texmfs/install/tex/latex/00miktex/hyperref.cfg
File: hyperref.cfg 2002/06/06 v1.2 hyperref configuration of TeXLive
)
Package hyperref Info: Option `pdfpagelabels' set `true' on input line 4383.
Package hyperref Info: Option `bookmarks' set `true' on input line 4383.
Package hyperref Info: Option `hyperindex' set `true' on input line 4383.
Package hyperref Info: Option `hyperfigures' set `true' on input line 4383.
Package hyperref Info: Hyper figures ON on input line 4507.
Package hyperref Info: Link nesting OFF on input line 4514.
Package hyperref Info: Hyper index ON on input line 4517.
Package hyperref Info: Plain pages OFF on input line 4524.
Package hyperref Info: Backreferencing OFF on input line 4529.
Package hyperref Info: Implicit mode ON; LaTeX internals redefined.
Package hyperref Info: Bookmarks ON on input line 4762.
\c@Hy@tempcnt=\count104
LaTeX Info: Redefining \url on input line 5115.
\XeTeXLinkMargin=\dimen127
\Fld@menulength=\count105
\Field@Width=\dimen128
\Fld@charsize=\dimen129
Package hyperref Info: Hyper figures ON on input line 6367.
Package hyperref Info: Link nesting OFF on input line 6374.
Package hyperref Info: Hyper index ON on input line 6377.
Package hyperref Info: backreferencing OFF on input line 6384.
Package hyperref Info: Link coloring OFF on input line 6389.
Package hyperref Info: Link coloring with OCG OFF on input line 6394.
Package hyperref Info: PDF/A mode OFF on input line 6399.
LaTeX Info: Redefining \ref on input line 6439.
LaTeX Info: Redefining \pageref on input line 6443.
\Hy@abspage=\count106
\c@Item=\count107
\c@Hfootnote=\count108
)
Package hyperref Info: Driver: hpdftex.

(/home/sergiopinto/.miktex/texmfs/install/tex/latex/hyperref/hpdftex.def
File: hpdftex.def 2018/02/06 v6.86b Hyperref driver for pdfTeX
\Fld@listcount=\count109
\c@bookmark@seq@number=\count110

(/home/sergiopinto/.miktex/texmfs/install/tex/latex/oberdiek/rerunfilecheck.sty
Package: rerunfilecheck 2016/05/16 v1.8 Rerun checks for auxiliary files (HO)
Package uniquecounter Info: New unique counter `rerunfilecheck' on input line 2
82.
)
\Hy@SectionHShift=\skip52
)
Package hyperref Info: Option `plainpages' set `false' on input line 501.
Package hyperref Info: Option `bookmarksopen' set `false' on input line 501.
Package hyperref Info: Option `bookmarksnumbered' set `true' on input line 501.

Package hyperref Info: Option `breaklinks' set `true' on input line 501.
Package hyperref Info: Option `linktocpage' set `true' on input line 501.
Package hyperref Info: Option `colorlinks' set `true' on input line 501.
) (/home/sergiopinto/.miktex/texmfs/install/tex/latex/enumitem/enumitem.sty
Package: enumitem 2011/09/28 v3.5.2 Customized lists
\labelindent=\skip53
\enit@outerparindent=\dimen130
\enit@toks=\toks19
\enit@inbox=\box29
\enitdp@description=\count111
)
(/home/sergiopinto/.miktex/texmfs/install/tex/latex/subfig/subfig.sty
Package: subfig 2005/06/28 ver: 1.3 subfig package
\c@KVtest=\count112
\sf@farskip=\skip54
\sf@captopadj=\dimen131
\sf@capskip=\skip55
\sf@nearskip=\skip56
\c@subfigure=\count113
\c@subfigure@save=\count114
\c@lofdepth=\count115
\c@subtable=\count116
\c@subtable@save=\count117
\c@lotdepth=\count118
\sf@top=\skip57
\sf@bottom=\skip58
)
(/home/sergiopinto/.miktex/texmfs/install/tex/latex/placeins/placeins.sty
Package: placeins 2005/04/18  v 2.2
)
(/home/sergiopinto/.miktex/texmfs/install/tex/latex/float/float.sty
Package: float 2001/11/08 v1.3d Float enhancements (AL)
\c@float@type=\count119
\float@exts=\toks20
\float@box=\box30
\@float@everytoks=\toks21
\@floatcapt=\box31
)
(/home/sergiopinto/.miktex/texmfs/install/tex/latex/pgf/frontendlayer/tikz.sty
(/home/sergiopinto/.miktex/texmfs/install/tex/latex/pgf/basiclayer/pgf.sty
(/home/sergiopinto/.miktex/texmfs/install/tex/latex/pgf/utilities/pgfrcs.sty
(/home/sergiopinto/.miktex/texmfs/install/tex/generic/pgf/utilities/pgfutil-com
mon.tex
\pgfutil@everybye=\toks22
\pgfutil@tempdima=\dimen132
\pgfutil@tempdimb=\dimen133

(/home/sergiopinto/.miktex/texmfs/install/tex/generic/pgf/utilities/pgfutil-com
mon-lists.tex))
(/home/sergiopinto/.miktex/texmfs/install/tex/generic/pgf/utilities/pgfutil-lat
ex.def
\pgfutil@abb=\box32
 (/home/sergiopinto/.miktex/texmfs/install/tex/latex/ms/everyshi.sty
Package: everyshi 2001/05/15 v3.00 EveryShipout Package (MS)
))
(/home/sergiopinto/.miktex/texmfs/install/tex/generic/pgf/utilities/pgfrcs.code
.tex
Package: pgfrcs 2015/08/07 v3.0.1a (rcs-revision 1.31)
))
Package: pgf 2015/08/07 v3.0.1a (rcs-revision 1.15)

(/home/sergiopinto/.miktex/texmfs/install/tex/latex/pgf/basiclayer/pgfcore.sty
(/home/sergiopinto/.miktex/texmfs/install/tex/latex/pgf/systemlayer/pgfsys.sty
(/home/sergiopinto/.miktex/texmfs/install/tex/generic/pgf/systemlayer/pgfsys.co
de.tex
Package: pgfsys 2014/07/09 v3.0.1a (rcs-revision 1.48)

(/home/sergiopinto/.miktex/texmfs/install/tex/generic/pgf/utilities/pgfkeys.cod
e.tex
\pgfkeys@pathtoks=\toks23
\pgfkeys@temptoks=\toks24

(/home/sergiopinto/.miktex/texmfs/install/tex/generic/pgf/utilities/pgfkeysfilt
ered.code.tex
\pgfkeys@tmptoks=\toks25
))
\pgf@x=\dimen134
\pgf@y=\dimen135
\pgf@xa=\dimen136
\pgf@ya=\dimen137
\pgf@xb=\dimen138
\pgf@yb=\dimen139
\pgf@xc=\dimen140
\pgf@yc=\dimen141
\w@pgf@writea=\write3
\r@pgf@reada=\read1
\c@pgf@counta=\count120
\c@pgf@countb=\count121
\c@pgf@countc=\count122
\c@pgf@countd=\count123
\t@pgf@toka=\toks26
\t@pgf@tokb=\toks27
\t@pgf@tokc=\toks28

(/home/sergiopinto/.miktex/texmfs/install/tex/generic/pgf/systemlayer/pgf.cfg
File: pgf.cfg 2008/05/14  (rcs-revision 1.7)
)
Driver file for pgf: pgfsys-pdftex.def

(/home/sergiopinto/.miktex/texmfs/install/tex/generic/pgf/systemlayer/pgfsys-pd
ftex.def
File: pgfsys-pdftex.def 2014/10/11  (rcs-revision 1.35)

(/home/sergiopinto/.miktex/texmfs/install/tex/generic/pgf/systemlayer/pgfsys-co
mmon-pdf.def
File: pgfsys-common-pdf.def 2013/10/10  (rcs-revision 1.13)
)))
(/home/sergiopinto/.miktex/texmfs/install/tex/generic/pgf/systemlayer/pgfsyssof
tpath.code.tex
File: pgfsyssoftpath.code.tex 2013/09/09  (rcs-revision 1.9)
\pgfsyssoftpath@smallbuffer@items=\count124
\pgfsyssoftpath@bigbuffer@items=\count125
)
(/home/sergiopinto/.miktex/texmfs/install/tex/generic/pgf/systemlayer/pgfsyspro
tocol.code.tex
File: pgfsysprotocol.code.tex 2006/10/16  (rcs-revision 1.4)
))
(/home/sergiopinto/.miktex/texmfs/install/tex/latex/xcolor/xcolor.sty
Package: xcolor 2016/05/11 v2.12 LaTeX color extensions (UK)

(/home/sergiopinto/.miktex/texmfs/install/tex/latex/graphics-cfg/color.cfg
File: color.cfg 2016/01/02 v1.6 sample color configuration
)
Package xcolor Info: Driver file: pdftex.def on input line 225.
Package xcolor Info: Model `cmy' substituted by `cmy0' on input line 1348.
Package xcolor Info: Model `hsb' substituted by `rgb' on input line 1352.
Package xcolor Info: Model `RGB' extended on input line 1364.
Package xcolor Info: Model `HTML' substituted by `rgb' on input line 1366.
Package xcolor Info: Model `Hsb' substituted by `hsb' on input line 1367.
Package xcolor Info: Model `tHsb' substituted by `hsb' on input line 1368.
Package xcolor Info: Model `HSB' substituted by `hsb' on input line 1369.
Package xcolor Info: Model `Gray' substituted by `gray' on input line 1370.
Package xcolor Info: Model `wave' substituted by `hsb' on input line 1371.
)
(/home/sergiopinto/.miktex/texmfs/install/tex/generic/pgf/basiclayer/pgfcore.co
de.tex
Package: pgfcore 2010/04/11 v3.0.1a (rcs-revision 1.7)

(/home/sergiopinto/.miktex/texmfs/install/tex/generic/pgf/math/pgfmath.code.tex

(/home/sergiopinto/.miktex/texmfs/install/tex/generic/pgf/math/pgfmathcalc.code
.tex
(/home/sergiopinto/.miktex/texmfs/install/tex/generic/pgf/math/pgfmathutil.code
.tex)
(/home/sergiopinto/.miktex/texmfs/install/tex/generic/pgf/math/pgfmathparser.co
de.tex
\pgfmath@dimen=\dimen142
\pgfmath@count=\count126
\pgfmath@box=\box33
\pgfmath@toks=\toks29
\pgfmath@stack@operand=\toks30
\pgfmath@stack@operation=\toks31
)
(/home/sergiopinto/.miktex/texmfs/install/tex/generic/pgf/math/pgfmathfunctions
.code.tex
(/home/sergiopinto/.miktex/texmfs/install/tex/generic/pgf/math/pgfmathfunctions
.basic.code.tex)
(/home/sergiopinto/.miktex/texmfs/install/tex/generic/pgf/math/pgfmathfunctions
.trigonometric.code.tex)
(/home/sergiopinto/.miktex/texmfs/install/tex/generic/pgf/math/pgfmathfunctions
.random.code.tex)
(/home/sergiopinto/.miktex/texmfs/install/tex/generic/pgf/math/pgfmathfunctions
.comparison.code.tex)
(/home/sergiopinto/.miktex/texmfs/install/tex/generic/pgf/math/pgfmathfunctions
.base.code.tex)
(/home/sergiopinto/.miktex/texmfs/install/tex/generic/pgf/math/pgfmathfunctions
.round.code.tex)
(/home/sergiopinto/.miktex/texmfs/install/tex/generic/pgf/math/pgfmathfunctions
.misc.code.tex)
(/home/sergiopinto/.miktex/texmfs/install/tex/generic/pgf/math/pgfmathfunctions
.integerarithmetics.code.tex)))
(/home/sergiopinto/.miktex/texmfs/install/tex/generic/pgf/math/pgfmathfloat.cod
e.tex
\c@pgfmathroundto@lastzeros=\count127
))
(/home/sergiopinto/.miktex/texmfs/install/tex/generic/pgf/basiclayer/pgfcorepoi
nts.code.tex
File: pgfcorepoints.code.tex 2013/10/07  (rcs-revision 1.27)
\pgf@picminx=\dimen143
\pgf@picmaxx=\dimen144
\pgf@picminy=\dimen145
\pgf@picmaxy=\dimen146
\pgf@pathminx=\dimen147
\pgf@pathmaxx=\dimen148
\pgf@pathminy=\dimen149
\pgf@pathmaxy=\dimen150
\pgf@xx=\dimen151
\pgf@xy=\dimen152
\pgf@yx=\dimen153
\pgf@yy=\dimen154
\pgf@zx=\dimen155
\pgf@zy=\dimen156
)
(/home/sergiopinto/.miktex/texmfs/install/tex/generic/pgf/basiclayer/pgfcorepat
hconstruct.code.tex
File: pgfcorepathconstruct.code.tex 2013/10/07  (rcs-revision 1.29)
\pgf@path@lastx=\dimen157
\pgf@path@lasty=\dimen158
)
(/home/sergiopinto/.miktex/texmfs/install/tex/generic/pgf/basiclayer/pgfcorepat
husage.code.tex
File: pgfcorepathusage.code.tex 2014/11/02  (rcs-revision 1.24)
\pgf@shorten@end@additional=\dimen159
\pgf@shorten@start@additional=\dimen160
)
(/home/sergiopinto/.miktex/texmfs/install/tex/generic/pgf/basiclayer/pgfcoresco
pes.code.tex
File: pgfcorescopes.code.tex 2015/05/08  (rcs-revision 1.46)
\pgfpic=\box34
\pgf@hbox=\box35
\pgf@layerbox@main=\box36
\pgf@picture@serial@count=\count128
)
(/home/sergiopinto/.miktex/texmfs/install/tex/generic/pgf/basiclayer/pgfcoregra
phicstate.code.tex
File: pgfcoregraphicstate.code.tex 2014/11/02  (rcs-revision 1.12)
\pgflinewidth=\dimen161
)
(/home/sergiopinto/.miktex/texmfs/install/tex/generic/pgf/basiclayer/pgfcoretra
nsformations.code.tex
File: pgfcoretransformations.code.tex 2015/08/07  (rcs-revision 1.20)
\pgf@pt@x=\dimen162
\pgf@pt@y=\dimen163
\pgf@pt@temp=\dimen164
)
(/home/sergiopinto/.miktex/texmfs/install/tex/generic/pgf/basiclayer/pgfcorequi
ck.code.tex
File: pgfcorequick.code.tex 2008/10/09  (rcs-revision 1.3)
)
(/home/sergiopinto/.miktex/texmfs/install/tex/generic/pgf/basiclayer/pgfcoreobj
ects.code.tex
File: pgfcoreobjects.code.tex 2006/10/11  (rcs-revision 1.2)
)
(/home/sergiopinto/.miktex/texmfs/install/tex/generic/pgf/basiclayer/pgfcorepat
hprocessing.code.tex
File: pgfcorepathprocessing.code.tex 2013/09/09  (rcs-revision 1.9)
)
(/home/sergiopinto/.miktex/texmfs/install/tex/generic/pgf/basiclayer/pgfcorearr
ows.code.tex
File: pgfcorearrows.code.tex 2015/05/14  (rcs-revision 1.43)
\pgfarrowsep=\dimen165
)
(/home/sergiopinto/.miktex/texmfs/install/tex/generic/pgf/basiclayer/pgfcoresha
de.code.tex
File: pgfcoreshade.code.tex 2013/07/15  (rcs-revision 1.15)
\pgf@max=\dimen166
\pgf@sys@shading@range@num=\count129
)
(/home/sergiopinto/.miktex/texmfs/install/tex/generic/pgf/basiclayer/pgfcoreima
ge.code.tex
File: pgfcoreimage.code.tex 2013/07/15  (rcs-revision 1.18)

(/home/sergiopinto/.miktex/texmfs/install/tex/generic/pgf/basiclayer/pgfcoreext
ernal.code.tex
File: pgfcoreexternal.code.tex 2014/07/09  (rcs-revision 1.21)
\pgfexternal@startupbox=\box37
))
(/home/sergiopinto/.miktex/texmfs/install/tex/generic/pgf/basiclayer/pgfcorelay
ers.code.tex
File: pgfcorelayers.code.tex 2013/07/18  (rcs-revision 1.7)
)
(/home/sergiopinto/.miktex/texmfs/install/tex/generic/pgf/basiclayer/pgfcoretra
nsparency.code.tex
File: pgfcoretransparency.code.tex 2013/09/30  (rcs-revision 1.5)
)
(/home/sergiopinto/.miktex/texmfs/install/tex/generic/pgf/basiclayer/pgfcorepat
terns.code.tex
File: pgfcorepatterns.code.tex 2013/11/07  (rcs-revision 1.5)
)))
(/home/sergiopinto/.miktex/texmfs/install/tex/generic/pgf/modules/pgfmoduleshap
es.code.tex
File: pgfmoduleshapes.code.tex 2014/03/21  (rcs-revision 1.35)
\pgfnodeparttextbox=\box38
)
(/home/sergiopinto/.miktex/texmfs/install/tex/generic/pgf/modules/pgfmoduleplot
.code.tex
File: pgfmoduleplot.code.tex 2015/08/03  (rcs-revision 1.13)
)
(/home/sergiopinto/.miktex/texmfs/install/tex/latex/pgf/compatibility/pgfcomp-v
ersion-0-65.sty
Package: pgfcomp-version-0-65 2007/07/03 v3.0.1a (rcs-revision 1.7)
\pgf@nodesepstart=\dimen167
\pgf@nodesepend=\dimen168
)
(/home/sergiopinto/.miktex/texmfs/install/tex/latex/pgf/compatibility/pgfcomp-v
ersion-1-18.sty
Package: pgfcomp-version-1-18 2007/07/23 v3.0.1a (rcs-revision 1.1)
))
(/home/sergiopinto/.miktex/texmfs/install/tex/latex/pgf/utilities/pgffor.sty
(/home/sergiopinto/.miktex/texmfs/install/tex/latex/pgf/utilities/pgfkeys.sty
(/home/sergiopinto/.miktex/texmfs/install/tex/generic/pgf/utilities/pgfkeys.cod
e.tex))
(/home/sergiopinto/.miktex/texmfs/install/tex/latex/pgf/math/pgfmath.sty
(/home/sergiopinto/.miktex/texmfs/install/tex/generic/pgf/math/pgfmath.code.tex
))
(/home/sergiopinto/.miktex/texmfs/install/tex/generic/pgf/utilities/pgffor.code
.tex
Package: pgffor 2013/12/13 v3.0.1a (rcs-revision 1.25)

(/home/sergiopinto/.miktex/texmfs/install/tex/generic/pgf/math/pgfmath.code.tex
)
\pgffor@iter=\dimen169
\pgffor@skip=\dimen170
\pgffor@stack=\toks32
\pgffor@toks=\toks33
))
(/home/sergiopinto/.miktex/texmfs/install/tex/generic/pgf/frontendlayer/tikz/ti
kz.code.tex
Package: tikz 2015/08/07 v3.0.1a (rcs-revision 1.151)

(/home/sergiopinto/.miktex/texmfs/install/tex/generic/pgf/libraries/pgflibraryp
lothandlers.code.tex
File: pgflibraryplothandlers.code.tex 2013/08/31 v3.0.1a (rcs-revision 1.20)
\pgf@plot@mark@count=\count130
\pgfplotmarksize=\dimen171
)
\tikz@lastx=\dimen172
\tikz@lasty=\dimen173
\tikz@lastxsaved=\dimen174
\tikz@lastysaved=\dimen175
\tikzleveldistance=\dimen176
\tikzsiblingdistance=\dimen177
\tikz@figbox=\box39
\tikz@figbox@bg=\box40
\tikz@tempbox=\box41
\tikz@tempbox@bg=\box42
\tikztreelevel=\count131
\tikznumberofchildren=\count132
\tikznumberofcurrentchild=\count133
\tikz@fig@count=\count134

(/home/sergiopinto/.miktex/texmfs/install/tex/generic/pgf/modules/pgfmodulematr
ix.code.tex
File: pgfmodulematrix.code.tex 2013/09/17  (rcs-revision 1.8)
\pgfmatrixcurrentrow=\count135
\pgfmatrixcurrentcolumn=\count136
\pgf@matrix@numberofcolumns=\count137
)
\tikz@expandcount=\count138

(/home/sergiopinto/.miktex/texmfs/install/tex/generic/pgf/frontendlayer/tikz/li
braries/tikzlibrarytopaths.code.tex
File: tikzlibrarytopaths.code.tex 2008/06/17 v3.0.1a (rcs-revision 1.2)
)))
(/home/sergiopinto/.miktex/texmfs/install/tex/latex/notoccite/notoccite.sty
Package: notoccite 2000/07/20
)
(/home/sergiopinto/.miktex/texmfs/install/tex/latex/amsfonts/amssymb.sty
Package: amssymb 2013/01/14 v3.01 AMS font symbols

(/home/sergiopinto/.miktex/texmfs/install/tex/latex/amsfonts/amsfonts.sty
Package: amsfonts 2013/01/14 v3.01 Basic AMSFonts support
\@emptytoks=\toks34
\symAMSa=\mathgroup6
\symAMSb=\mathgroup7
LaTeX Font Info:    Overwriting math alphabet `\mathfrak' in version `bold'
(Font)                  U/euf/m/n --> U/euf/b/n on input line 106.
))
(/home/sergiopinto/.miktex/texmfs/install/tex/latex/pgfgantt/pgfgantt.sty
Package: pgfgantt 2018/01/10 v5.0 Draw Gantt diagrams with TikZ

(/home/sergiopinto/.miktex/texmfs/install/tex/generic/pgf/frontendlayer/tikz/li
braries/tikzlibraryarrows.code.tex
File: tikzlibraryarrows.code.tex 2008/01/09 v3.0.1a (rcs-revision 1.1)

(/home/sergiopinto/.miktex/texmfs/install/tex/generic/pgf/libraries/pgflibrarya
rrows.code.tex
File: pgflibraryarrows.code.tex 2013/09/23 v3.0.1a (rcs-revision 1.16)
\arrowsize=\dimen178
))
(/home/sergiopinto/.miktex/texmfs/install/tex/generic/pgf/frontendlayer/tikz/li
braries/tikzlibrarybackgrounds.code.tex
File: tikzlibrarybackgrounds.code.tex 2013/07/18 v3.0.1a (rcs-revision 1.3)
\pgf@layerbox@background=\box43
\pgf@layerboxsaved@background=\box44
)
(/home/sergiopinto/.miktex/texmfs/install/tex/generic/pgf/frontendlayer/tikz/li
braries/tikzlibrarycalc.code.tex
File: tikzlibrarycalc.code.tex 2013/07/15 v3.0.1a (rcs-revision 1.9)
)
(/home/sergiopinto/.miktex/texmfs/install/tex/generic/pgf/frontendlayer/tikz/li
braries/tikzlibrarypatterns.code.tex
File: tikzlibrarypatterns.code.tex 2008/01/15 v3.0.1a (rcs-revision 1.2)

(/home/sergiopinto/.miktex/texmfs/install/tex/generic/pgf/libraries/pgflibraryp
atterns.code.tex
File: pgflibrarypatterns.code.tex 2008/03/03 v3.0.1a (rcs-revision 1.13)
))
(/home/sergiopinto/.miktex/texmfs/install/tex/generic/pgf/frontendlayer/tikz/li
braries/tikzlibrarypositioning.code.tex
File: tikzlibrarypositioning.code.tex 2008/10/06 v3.0.1a (rcs-revision 1.7)
)
(/home/sergiopinto/.miktex/texmfs/install/tex/generic/pgf/frontendlayer/tikz/li
braries/tikzlibraryshapes.geometric.code.tex
File: tikzlibraryshapes.geometric.code.tex 2008/01/09 v3.0.1a (rcs-revision 1.1
)

(/home/sergiopinto/.miktex/texmfs/install/tex/generic/pgf/libraries/shapes/pgfl
ibraryshapes.geometric.code.tex
File: pgflibraryshapes.geometric.code.tex 2008/06/26 v3.0.1a (rcs-revision 1.1)

))
(/home/sergiopinto/.miktex/texmfs/install/tex/latex/pgf/utilities/pgfcalendar.s
ty
(/home/sergiopinto/.miktex/texmfs/install/tex/generic/pgf/utilities/pgfcalendar
.code.tex
File: pgfcalendar.code.tex 2007/07/23 v3.0.1a (rcs-revision 1.11)
\pgfcalendarcurrentjulian=\count139
))
\gtt@currentline=\count140
\gtt@lasttitleline=\count141
\gtt@currgrid=\count142
\gtt@chartwidth=\count143
\gtt@lasttitleslot=\count144
\gtt@elementid=\count145
\gtt@today@slot=\count146
\gtt@startjulian=\count147
\gtt@endjulian=\count148
\gtt@chartid=\count149
\gtt@vrule@slot=\count150
\gtt@calendar@slots=\count151
\gtt@calendar@weeknumber=\count152
\gtt@calendar@startofweek=\count153
\gtt@left@slot=\count154
\gtt@right@slot=\count155
)
(/home/sergiopinto/.miktex/texmfs/install/tex/generic/pgf/frontendlayer/tikz/li
braries/tikzlibraryshapes.arrows.code.tex
File: tikzlibraryshapes.arrows.code.tex 2008/01/09 v3.0.1a (rcs-revision 1.1)

(/home/sergiopinto/.miktex/texmfs/install/tex/generic/pgf/libraries/shapes/pgfl
ibraryshapes.arrows.code.tex
File: pgflibraryshapes.arrows.code.tex 2008/06/26 v3.0.1a (rcs-revision 1.1)
))
\@input{mymacros.aux}
\openout2 = `mymacros.aux'.

(mymacros.tex) (pdi.aux (abbrevs.aux) (chapter1.aux) (chapter3.aux)
(chapter6.aux) (chapter7.aux) (chapter8.aux))
\openout1 = `pdi.aux'.

LaTeX Font Info:    Checking defaults for OML/cmm/m/it on input line 79.
LaTeX Font Info:    ... okay on input line 79.
LaTeX Font Info:    Checking defaults for T1/cmr/m/n on input line 79.
LaTeX Font Info:    ... okay on input line 79.
LaTeX Font Info:    Checking defaults for OT1/cmr/m/n on input line 79.
LaTeX Font Info:    ... okay on input line 79.
LaTeX Font Info:    Checking defaults for OMS/cmsy/m/n on input line 79.
LaTeX Font Info:    ... okay on input line 79.
LaTeX Font Info:    Checking defaults for OMX/cmex/m/n on input line 79.
LaTeX Font Info:    ... okay on input line 79.
LaTeX Font Info:    Checking defaults for U/cmr/m/n on input line 79.
LaTeX Font Info:    ... okay on input line 79.
LaTeX Font Info:    Checking defaults for PD1/pdf/m/n on input line 79.
LaTeX Font Info:    ... okay on input line 79.
LaTeX Font Info:    Try loading font information for T1+ptm on input line 79.

(/home/sergiopinto/.miktex/texmfs/install/tex/latex/psnfss/t1ptm.fd
File: t1ptm.fd 2001/06/04 font definitions for T1/ptm.
)
*geometry* driver: auto-detecting
*geometry* detected driver: pdftex
*geometry* verbose mode - [ preamble ] result:
* driver: pdftex
* paper: a4paper
* layout: <same size as paper>
* layoutoffset:(h,v)=(0.0pt,0.0pt)
* modes: includehead includefoot twoside 
* h-part:(L,W,R)=(99.58464pt, 426.79135pt, 71.13188pt)
* v-part:(T,H,B)=(56.9055pt, 731.23584pt, 56.9055pt)
* \paperwidth=597.50787pt
* \paperheight=845.04684pt
* \textwidth=426.79135pt
* \textheight=661.23584pt
* \oddsidemargin=27.31465pt
* \evensidemargin=-1.1381pt
* \topmargin=-15.36449pt
* \headheight=15.5pt
* \headsep=25.0pt
* \topskip=11.0pt
* \footskip=30.0pt
* \marginparwidth=103.0pt
* \marginparsep=10.0pt
* \columnsep=10.0pt
* \skip\footins=10.0pt plus 4.0pt minus 2.0pt
* \hoffset=0.0pt
* \voffset=0.0pt
* \mag=1000
* \@twocolumnfalse
* \@twosidetrue
* \@mparswitchtrue
* \@reversemarginfalse
* (1in=72.27pt=25.4mm, 1cm=28.453pt)

\big@size=\dimen179
(/home/sergiopinto/.miktex/texmfs/install/tex/context/base/supp-pdf.mkii
[Loading MPS to PDF converter (version 2006.09.02).]
\scratchcounter=\count156
\scratchdimen=\dimen180
\scratchbox=\box45
\nofMPsegments=\count157
\nofMParguments=\count158
\everyMPshowfont=\toks35
\MPscratchCnt=\count159
\MPscratchDim=\dimen181
\MPnumerator=\count160
\makeMPintoPDFobject=\count161
\everyMPtoPDFconversion=\toks36
)
(/home/sergiopinto/.miktex/texmfs/install/tex/latex/oberdiek/epstopdf-base.sty
Package: epstopdf-base 2016/05/15 v2.6 Base part for package epstopdf

(/home/sergiopinto/.miktex/texmfs/install/tex/latex/oberdiek/grfext.sty
Package: grfext 2016/05/16 v1.2 Manage graphics extensions (HO)
)
Package epstopdf-base Info: Redefining graphics rule for `.eps' on input line 4
38.
Package grfext Info: Graphics extension search list:
(grfext)             [.pdf,.png,.jpg,.mps,.jpeg,.jbig2,.jb2,.PDF,.PNG,.JPG,.JPE
G,.JBIG2,.JB2,.eps]
(grfext)             \AppendGraphicsExtensions on input line 456.
)
Package caption Info: Begin \AtBeginDocument code.
Package caption Info: subfig package v1.3 is loaded.
Package caption Info: float package is loaded.
Package caption Info: hyperref package is loaded.
Package caption Info: End \AtBeginDocument code.
\AtBeginShipoutBox=\box46
Package hyperref Info: Link coloring ON on input line 79.

(/home/sergiopinto/.miktex/texmfs/install/tex/latex/hyperref/nameref.sty
Package: nameref 2016/05/21 v2.44 Cross-referencing by name of section

(/home/sergiopinto/.miktex/texmfs/install/tex/generic/oberdiek/gettitlestring.s
ty
Package: gettitlestring 2016/05/16 v1.5 Cleanup title references (HO)
)
\c@section@level=\count162
)
LaTeX Info: Redefining \ref on input line 79.
LaTeX Info: Redefining \pageref on input line 79.
LaTeX Info: Redefining \nameref on input line 79.
 (pdi.out) (pdi.out)
\@outlinefile=\write4
\openout4 = `pdi.out'.

Package babel Info: Redefining portuges shorthand "|
(babel)             in language  on input line 79.
 ABD: EveryShipout initializing macros
\@crestbox=\box47
LaTeX Font Info:    Font shape `T1/ptm/bx/n' in size <14.4> not available
(Font)              Font shape `T1/ptm/b/n' tried instead on input line 118.
LaTeX Font Info:    Font shape `T1/ptm/bx/sc' in size <14.4> not available
(Font)              Font shape `T1/ptm/b/sc' tried instead on input line 118.
<figures/uporto-feup.pdf, id=202, 338.26375pt x 126.4725pt>
File: figures/uporto-feup.pdf Graphic file (type pdf)
<use figures/uporto-feup.pdf>
Package pdftex.def Info: figures/uporto-feup.pdf  used on input line 118.
(pdftex.def)             Requested size: 207.70511pt x 77.6595pt.
LaTeX Font Info:    Font shape `T1/ptm/bx/n' in size <20> not available
(Font)              Font shape `T1/ptm/b/n' tried instead on input line 118.
Package babel Info: Redefining portuges shorthand "|
(babel)             in language  on input line 118.
Package babel Info: Redefining portuges shorthand "|
(babel)             in language  on input line 118.
 [-3




{/home/sergiopinto/.miktex/texmfs/data/pdftex/config/pdftex.map} <./figures/upo
rto-feup.pdf>]
LaTeX Font Info:    Try loading font information for OMS+ptm on input line 118.

 (/home/sergiopinto/.miktex/texmfs/install/tex/latex/psnfss/omsptm.fd
File: omsptm.fd 
)
LaTeX Font Info:    Font shape `OMS/ptm/m/n' in size <10.95> not available
(Font)              Font shape `OMS/cmsy/m/n' tried instead on input line 118.
Package babel Info: Redefining portuges shorthand "|
(babel)             in language  on input line 118.
Package babel Info: Redefining portuges shorthand "|
(babel)             in language  on input line 118.

[-2

]
LaTeX Font Info:    Font shape `T1/ptm/bx/n' in size <24.88> not available
(Font)              Font shape `T1/ptm/b/n' tried instead on input line 120.
 (pdi.toc
LaTeX Font Info:    Font shape `T1/ptm/bx/n' in size <10.95> not available
(Font)              Font shape `T1/ptm/b/n' tried instead on input line 2.
LaTeX Font Info:    Try loading font information for OT1+ztmcm on input line 3.


(/home/sergiopinto/.miktex/texmfs/install/tex/latex/psnfss/ot1ztmcm.fd
File: ot1ztmcm.fd 2000/01/03 Fontinst v1.801 font definitions for OT1/ztmcm.
)
LaTeX Font Info:    Try loading font information for OML+ztmcm on input line 3.


(/home/sergiopinto/.miktex/texmfs/install/tex/latex/psnfss/omlztmcm.fd
File: omlztmcm.fd 2000/01/03 Fontinst v1.801 font definitions for OML/ztmcm.
)
LaTeX Font Info:    Try loading font information for OMS+ztmcm on input line 3.


(/home/sergiopinto/.miktex/texmfs/install/tex/latex/psnfss/omsztmcm.fd
File: omsztmcm.fd 2000/01/03 Fontinst v1.801 font definitions for OMS/ztmcm.
)
LaTeX Font Info:    Try loading font information for OMX+ztmcm on input line 3.


(/home/sergiopinto/.miktex/texmfs/install/tex/latex/psnfss/omxztmcm.fd
File: omxztmcm.fd 2000/01/03 Fontinst v1.801 font definitions for OMX/ztmcm.
)
LaTeX Font Info:    Try loading font information for OT1+ptm on input line 3.

(/home/sergiopinto/.miktex/texmfs/install/tex/latex/psnfss/ot1ptm.fd
File: ot1ptm.fd 2001/06/04 font definitions for OT1/ptm.
)
LaTeX Font Info:    Font shape `OT1/ptm/bx/n' in size <10.95> not available
(Font)              Font shape `OT1/ptm/b/n' tried instead on input line 3.
LaTeX Font Info:    Font shape `OT1/ptm/bx/n' in size <8> not available
(Font)              Font shape `OT1/ptm/b/n' tried instead on input line 3.
LaTeX Font Info:    Font shape `OT1/ptm/bx/n' in size <6> not available
(Font)              Font shape `OT1/ptm/b/n' tried instead on input line 3.
Package babel Info: Redefining portuges shorthand "|
(babel)             in language  on input line 39.
Package babel Info: Redefining portuges shorthand "|
(babel)             in language  on input line 39.
 [1



])
\tf@toc=\write5
\openout5 = `pdi.toc'.

Package babel Info: Redefining portuges shorthand "|
(babel)             in language  on input line 121.
Package babel Info: Redefining portuges shorthand "|
(babel)             in language  on input line 121.

[2] (pdi.lof)
\tf@lof=\write6
\openout6 = `pdi.lof'.

Package babel Info: Redefining portuges shorthand "|
(babel)             in language  on input line 123.
Package babel Info: Redefining portuges shorthand "|
(babel)             in language  on input line 123.
 [3

]
\openout2 = `abbrevs.aux'.

 (abbrevs.tex
Package babel Info: Redefining portuges shorthand "|
(babel)             in language  on input line 1.
Package babel Info: Redefining portuges shorthand "|
(babel)             in language  on input line 1.
 [4


]
Overfull \hbox (104.52318pt too wide) in paragraph at lines 6--26
[]  
 []

)
Package babel Info: Redefining portuges shorthand "|
(babel)             in language  on input line 123.
Package babel Info: Redefining portuges shorthand "|
(babel)             in language  on input line 123.
 [5]
Package babel Info: Redefining portuges shorthand "|
(babel)             in language  on input line 130.
Package babel Info: Redefining portuges shorthand "|
(babel)             in language  on input line 130.
 [6


]
\openout2 = `chapter1.aux'.

 (chapter1.tex
Cap\'{\i }tulo 1.
Package babel Info: Redefining portuges shorthand "|
(babel)             in language  on input line 2.
LaTeX Font Info:    Font shape `T1/ptm/bx/n' in size <20.74> not available
(Font)              Font shape `T1/ptm/b/n' tried instead on input line 2.
Package babel Info: Redefining portuges shorthand "|
(babel)             in language  on input line 5.

Overfull \hbox (5.36328pt too wide) in paragraph at lines 10--11
[]\T1/ptm/m/n/10.95 Desta forma, o projeto \T1/ptm/m/it/10.95 RoMoVi\T1/ptm/m/n
/10.95 , desenvolvido pelo centro de Robtica do INESC-TEC, pretende
 []


Overfull \hbox (21.37596pt too wide) in paragraph at lines 10--11
\T1/ptm/m/n/10.95 disponveis: o \T1/ptm/m/it/10.95 AGROB V16\T1/ptm/m/n/10.95 
, \T1/ptm/m/it/10.95 AGROB V15\T1/ptm/m/n/10.95 , \T1/ptm/m/it/10.95 AGROB V14\
T1/ptm/m/n/10.95 , sendo este trabalho de dissertao desenvolvido
 []


Overfull \hbox (7.43665pt too wide) in paragraph at lines 14--15
\T1/ptm/m/n/10.95 inclinao do terreno e deslizamento das rodas no pavimento c
ausa erros grandes. Laser/ultrassnico
 []

Package babel Info: Redefining portuges shorthand "|
(babel)             in language  on input line 15.
Package babel Info: Redefining portuges shorthand "|
(babel)             in language  on input line 15.
[1


]
Package babel Info: Redefining portuges shorthand "|
(babel)             in language  on input line 18.
)
Package babel Info: Redefining portuges shorthand "|
(babel)             in language  on input line 133.
Package babel Info: Redefining portuges shorthand "|
(babel)             in language  on input line 133.
 [2]
\openout2 = `chapter3.aux'.

 (chapter3.tex
Cap\'{\i }tulo 2.
Package babel Info: Redefining portuges shorthand "|
(babel)             in language  on input line 1.

Overfull \hbox (5.0382pt too wide) in paragraph at lines 6--7
\T1/ptm/m/n/10.95 iluminao suficiente e ambiente esttico para permitir que o
 movimento seja extrado corretamente. 
 []

Package babel Info: Redefining portuges shorthand "|
(babel)             in language  on input line 15.
Package babel Info: Redefining portuges shorthand "|
(babel)             in language  on input line 22.
Package babel Info: Redefining portuges shorthand "|
(babel)             in language  on input line 22.
[3



]
<figures/problVO.png, id=394, 484.81125pt x 359.09157pt>
File: figures/problVO.png Graphic file (type png)
<use figures/problVO.png>
Package pdftex.def Info: figures/problVO.png  used on input line 27.
(pdftex.def)             Requested size: 277.41176pt x 205.48428pt.
Package babel Info: Redefining portuges shorthand "|
(babel)             in language  on input line 40.
Package babel Info: Redefining portuges shorthand "|
(babel)             in language  on input line 40.
 [4 <./figures/problVO.png>]
<figures/etapVO.jpg, id=406, 262.48062pt x 414.04688pt>
File: figures/etapVO.jpg Graphic file (type jpg)
<use figures/etapVO.jpg>
Package pdftex.def Info: figures/etapVO.jpg  used on input line 46.
(pdftex.def)             Requested size: 170.71393pt x 269.29785pt.
LaTeX Font Info:    Font shape `OT1/ptm/bx/n' in size <9> not available
(Font)              Font shape `OT1/ptm/b/n' tried instead on input line 54.
LaTeX Font Info:    Font shape `OT1/ptm/bx/n' in size <7> not available
(Font)              Font shape `OT1/ptm/b/n' tried instead on input line 54.
LaTeX Font Info:    Font shape `OT1/ptm/bx/n' in size <5> not available
(Font)              Font shape `OT1/ptm/b/n' tried instead on input line 54.

Overfull \hbox (2.4589pt too wide) in paragraph at lines 54--55
[]\T1/ptm/m/n/10.95 A segunda etapa apresenta dois mtodos diferentes para enco
ntrar caractersticas [][][][][], que consiste
 []


Overfull \hbox (5.76164pt too wide) in paragraph at lines 56--57
\T1/ptm/m/n/10.95 mesma etapa so aplicados algoritmos de correo para remover
 eventuais erros de correspondncia.
 []

Package babel Info: Redefining portuges shorthand "|
(babel)             in language  on input line 63.
Package babel Info: Redefining portuges shorthand "|
(babel)             in language  on input line 66.
Package babel Info: Redefining portuges shorthand "|
(babel)             in language  on input line 66.
[5 <./figures/etapVO.jpg>]
<figures/pinholemodel.jpg, id=415, 291.0875pt x 149.55875pt>
File: figures/pinholemodel.jpg Graphic file (type jpg)
<use figures/pinholemodel.jpg>
Package pdftex.def Info: figures/pinholemodel.jpg  used on input line 73.
(pdftex.def)             Requested size: 256.07741pt x 131.58015pt.
LaTeX Font Info:    Font shape `T1/ptm/bx/n' in size <12> not available
(Font)              Font shape `T1/ptm/b/n' tried instead on input line 92.
Package babel Info: Redefining portuges shorthand "|
(babel)             in language  on input line 92.
Package babel Info: Redefining portuges shorthand "|
(babel)             in language  on input line 94.
Package babel Info: Redefining portuges shorthand "|
(babel)             in language  on input line 94.
 [6 <./figures/pinholemodel.jpg>]
<figures/fisheyemodel.png, id=424, 165.61874pt x 163.3603pt>
File: figures/fisheyemodel.png Graphic file (type png)
<use figures/fisheyemodel.png>
Package pdftex.def Info: figures/fisheyemodel.png  used on input line 99.
(pdftex.def)             Requested size: 170.71393pt x 168.39508pt.
<figures/fisheyealgortimpt.jpg, id=431, 1133.23375pt x 1369.115pt>
File: figures/fisheyealgortimpt.jpg Graphic file (type jpg)
<use figures/fisheyealgortimpt.jpg>
Package pdftex.def Info: figures/fisheyealgortimpt.jpg  used on input line 111.

(pdftex.def)             Requested size: 170.71393pt x 206.23581pt.


LaTeX Warning: `!h' float specifier changed to `!ht'.

Package babel Info: Redefining portuges shorthand "|
(babel)             in language  on input line 122.
Package babel Info: Redefining portuges shorthand "|
(babel)             in language  on input line 122.
[7 <./figures/fisheyemodel.png>]
Package babel Info: Redefining portuges shorthand "|
(babel)             in language  on input line 134.
Package babel Info: Redefining portuges shorthand "|
(babel)             in language  on input line 146.
Package babel Info: Redefining portuges shorthand "|
(babel)             in language  on input line 146.
 [8 <./figures/fisheyealgortimpt.jpg>]
<figures/parExt.png, id=444, 1126.96031pt x 584.1825pt>
File: figures/parExt.png Graphic file (type png)
<use figures/parExt.png>
Package pdftex.def Info: figures/parExt.png  used on input line 152.
(pdftex.def)             Requested size: 298.75264pt x 154.8611pt.
Package babel Info: Redefining portuges shorthand "|
(babel)             in language  on input line 158.
Package babel Info: Redefining portuges shorthand "|
(babel)             in language  on input line 168.
Package babel Info: Redefining portuges shorthand "|
(babel)             in language  on input line 168.
 [9 <./figures/parExt.png (PNG copy)>]
Overfull \hbox (9.28706pt too wide) in paragraph at lines 169--170
[]\T1/ptm/m/n/10.95 Invarincia  iluminao e mudanas geomtricas, garante qu
e a caracterstica ser identificada
 []


Overfull \hbox (9.03935pt too wide) in paragraph at lines 172--173
[]\T1/ptm/m/n/10.95 Na rea de OV os detetores de caractersticas, tais como \T
1/ptm/m/it/10.95 cantos[][][][][] \T1/ptm/m/n/10.95 ou \T1/ptm/m/it/10.95 blobs
[][][][][]\T1/ptm/m/n/10.95 , so muito importantes
 []

Package babel Info: Redefining portuges shorthand "|
(babel)             in language  on input line 176.
Package babel Info: Redefining portuges shorthand "|
(babel)             in language  on input line 180.
<figures/HarrisCornerDetection.png, id=455, 674.52pt x 313.9228pt>
File: figures/HarrisCornerDetection.png Graphic file (type png)
<use figures/HarrisCornerDetection.png>
Package pdftex.def Info: figures/HarrisCornerDetection.png  used on input line 
186.
(pdftex.def)             Requested size: 298.75264pt x 139.04135pt.
Package babel Info: Redefining portuges shorthand "|
(babel)             in language  on input line 192.
Package babel Info: Redefining portuges shorthand "|
(babel)             in language  on input line 192.
[10 <./figures/HarrisCornerDetection.png>]
Package babel Info: Redefining portuges shorthand "|
(babel)             in language  on input line 194.
<figures/FASTcornerdetector.jpg, id=466, 444.66125pt x 216.81pt>
File: figures/FASTcornerdetector.jpg Graphic file (type jpg)
<use figures/FASTcornerdetector.jpg>
Package pdftex.def Info: figures/FASTcornerdetector.jpg  used on input line 200
.
(pdftex.def)             Requested size: 298.75264pt x 145.66554pt.
Package babel Info: Redefining portuges shorthand "|
(babel)             in language  on input line 214.
Package babel Info: Redefining portuges shorthand "|
(babel)             in language  on input line 216.

Overfull \hbox (1.47401pt too wide) in paragraph at lines 218--219
[]\T1/ptm/m/n/10.95 A diferena de gaussianas (DoG, do ingls \T1/ptm/m/it/10.9
5 Diference of Gaussians\T1/ptm/m/n/10.95 ) foi utilizada para identificar
 []

Package babel Info: Redefining portuges shorthand "|
(babel)             in language  on input line 219.
Package babel Info: Redefining portuges shorthand "|
(babel)             in language  on input line 219.
[11 <./figures/FASTcornerdetector.jpg>]
<figures/compitationofDoG.png, id=479, 338.76563pt x 244.66406pt>
File: figures/compitationofDoG.png Graphic file (type png)
<use figures/compitationofDoG.png>
Package pdftex.def Info: figures/compitationofDoG.png  used on input line 233.
(pdftex.def)             Requested size: 298.75264pt x 215.77168pt.
<figures/pixelCamadas.png, id=483, 175.40532pt x 158.09062pt>
File: figures/pixelCamadas.png Graphic file (type png)
<use figures/pixelCamadas.png>
Package pdftex.def Info: figures/pixelCamadas.png  used on input line 243.
(pdftex.def)             Requested size: 213.39568pt x 192.34439pt.


LaTeX Warning: `!h' float specifier changed to `!ht'.

Package babel Info: Redefining portuges shorthand "|
(babel)             in language  on input line 248.
Package babel Info: Redefining portuges shorthand "|
(babel)             in language  on input line 248.
[12 <./figures/compitationofDoG.png (PNG copy)>]
Underfull \vbox (badness 1205) has occurred while \output is active []

Package babel Info: Redefining portuges shorthand "|
(babel)             in language  on input line 261.
Package babel Info: Redefining portuges shorthand "|
(babel)             in language  on input line 261.
 [13 <./figures/pixelCamadas.png (PNG copy)>]
Package babel Info: Redefining portuges shorthand "|
(babel)             in language  on input line 269.
<figures/surfsqware.png, id=502, 174.6525pt x 122.70844pt>
File: figures/surfsqware.png Graphic file (type png)
<use figures/surfsqware.png>
Package pdftex.def Info: figures/surfsqware.png  used on input line 277.
(pdftex.def)             Requested size: 170.71393pt x 119.94824pt.


LaTeX Warning: `!h' float specifier changed to `!ht'.


Underfull \vbox (badness 3009) has occurred while \output is active []

Package babel Info: Redefining portuges shorthand "|
(babel)             in language  on input line 282.
Package babel Info: Redefining portuges shorthand "|
(babel)             in language  on input line 282.
 [14]
Package babel Info: Redefining portuges shorthand "|
(babel)             in language  on input line 297.

Overfull \hbox (27.13031pt too wide) in paragraph at lines 299--300
[]\T1/ptm/m/n/10.95 Como mencionado anteriormente, uma boa caracterstica tm c
omo propriedade a diferenciabilidade.
 []

Package babel Info: Redefining portuges shorthand "|
(babel)             in language  on input line 304.
Package babel Info: Redefining portuges shorthand "|
(babel)             in language  on input line 306.
Package babel Info: Redefining portuges shorthand "|
(babel)             in language  on input line 306.
[15 <./figures/surfsqware.png>]
Underfull \vbox (badness 10000) has occurred while \output is active []

Package babel Info: Redefining portuges shorthand "|
(babel)             in language  on input line 322.
Package babel Info: Redefining portuges shorthand "|
(babel)             in language  on input line 322.
 [16]
Package babel Info: Redefining portuges shorthand "|
(babel)             in language  on input line 327.
<figures/SIFTdescriptor.png, id=522, 336.25626pt x 150.5625pt>
File: figures/SIFTdescriptor.png Graphic file (type png)
<use figures/SIFTdescriptor.png>
Package pdftex.def Info: figures/SIFTdescriptor.png  used on input line 333.
(pdftex.def)             Requested size: 298.75264pt x 133.77045pt.
Package babel Info: Redefining portuges shorthand "|
(babel)             in language  on input line 338.
Package babel Info: Redefining portuges shorthand "|
(babel)             in language  on input line 343.

Overfull \hbox (21.4023pt too wide) in paragraph at lines 345--348
[]\T1/ptm/m/n/10.95 O processo de correspondncia de caractersticas  um requi
sito para muitas aplicaes relacionadas
 []


Underfull \vbox (badness 4441) has occurred while \output is active []

Package babel Info: Redefining portuges shorthand "|
(babel)             in language  on input line 348.
Package babel Info: Redefining portuges shorthand "|
(babel)             in language  on input line 348.
 [17 <./figures/SIFTdescriptor.png>]
Package babel Info: Redefining portuges shorthand "|
(babel)             in language  on input line 350.

Overfull \hbox (19.5139pt too wide) in paragraph at lines 352--356
\T1/ptm/m/n/10.95 maneira independente em todas as imagens com um determinado d
etetor de caractersticas. Idealmente,
 []


Overfull \hbox (3.12202pt too wide) in paragraph at lines 352--356
\T1/ptm/m/n/10.95 as correspondncias detetadas representam a mesma informao 
nas imagens. Depois so efetuadas
 []


Overfull \hbox (4.73138pt too wide) in paragraph at lines 352--356
\T1/ptm/m/n/10.95 as correspondncias entre as caractersticas detetadas usando
 uma estratgia de comparao baseada
 []

Package babel Info: Redefining portuges shorthand "|
(babel)             in language  on input line 357.

Overfull \hbox (7.81956pt too wide) in paragraph at lines 359--360
\T1/ptm/m/n/10.95 primeira image com todos os descritores dos pontos caracteris
ticos da segunda imagem. Geralmente,
 []

Package babel Info: Redefining portuges shorthand "|
(babel)             in language  on input line 362.
Package babel Info: Redefining portuges shorthand "|
(babel)             in language  on input line 368.

Overfull \hbox (2.91943pt too wide) in paragraph at lines 370--372
[]\T1/ptm/m/n/10.95 O mtodo FLANN (do ingls, \T1/ptm/m/it/10.95 Fast Library 
for Approximate Nearest Neighbours\T1/ptm/m/n/10.95 )  considerado
 []

Package babel Info: Redefining portuges shorthand "|
(babel)             in language  on input line 372.
Package babel Info: Redefining portuges shorthand "|
(babel)             in language  on input line 372.
[18]
<figures/flann.png, id=537, 562.1pt x 267.399pt>
File: figures/flann.png Graphic file (type png)
<use figures/flann.png>
Package pdftex.def Info: figures/flann.png  used on input line 383.
(pdftex.def)             Requested size: 341.43437pt x 162.4236pt.
<figures/flannNN.png, id=539, 376.40625pt x 374.14781pt>
File: figures/flannNN.png Graphic file (type png)
<use figures/flannNN.png>
Package pdftex.def Info: figures/flannNN.png  used on input line 394.
(pdftex.def)             Requested size: 256.07741pt x 254.55986pt.


LaTeX Warning: `!h' float specifier changed to `!ht'.

Package babel Info: Redefining portuges shorthand "|
(babel)             in language  on input line 401.
Package babel Info: Redefining portuges shorthand "|
(babel)             in language  on input line 401.
[19 <./figures/flann.png>]
Package babel Info: Redefining portuges shorthand "|
(babel)             in language  on input line 402.

Overfull \hbox (4.7417pt too wide) in paragraph at lines 410--411
[]\T1/ptm/m/n/10.95 2D-para-2D: Neste caso, ambos $\OML/ztmcm/m/it/10.95 f[]$ \
T1/ptm/m/n/10.95 e $\OML/ztmcm/m/it/10.95 f[]$ \T1/ptm/m/n/10.95 so especifica
dos pelas coordenadas 2D da imagem. 
 []


Overfull \hbox (4.7417pt too wide) in paragraph at lines 411--412
[]\T1/ptm/m/n/10.95 3D-para-3D: Neste caso, ambos $\OML/ztmcm/m/it/10.95 f[]$ \
T1/ptm/m/n/10.95 e $\OML/ztmcm/m/it/10.95 f[]$ \T1/ptm/m/n/10.95 so especifica
dos pelas coordenadas 3D da imagem.
 []

Package babel Info: Redefining portuges shorthand "|
(babel)             in language  on input line 412.
Package babel Info: Redefining portuges shorthand "|
(babel)             in language  on input line 412.
[20 <./figures/flannNN.png>]
Package babel Info: Redefining portuges shorthand "|
(babel)             in language  on input line 417.
<figures/equipolarline.png, id=550, 231.86626pt x 133.16417pt>
File: figures/equipolarline.png Graphic file (type png)
<use figures/equipolarline.png>
Package pdftex.def Info: figures/equipolarline.png  used on input line 425.
(pdftex.def)             Requested size: 298.75264pt x 171.5935pt.
Package babel Info: Redefining portuges shorthand "|
(babel)             in language  on input line 433.
Package babel Info: Redefining portuges shorthand "|
(babel)             in language  on input line 433.
 [21 <./figures/equipolarline.png>]
Package babel Info: Redefining portuges shorthand "|
(babel)             in language  on input line 451.
Package babel Info: Redefining portuges shorthand "|
(babel)             in language  on input line 460.
Package babel Info: Redefining portuges shorthand "|
(babel)             in language  on input line 460.
 [22]
Package babel Info: Redefining portuges shorthand "|
(babel)             in language  on input line 474.
Package babel Info: Redefining portuges shorthand "|
(babel)             in language  on input line 492.
Package babel Info: Redefining portuges shorthand "|
(babel)             in language  on input line 492.
 [23]
Package babel Info: Redefining portuges shorthand "|
(babel)             in language  on input line 507.

Overfull \hbox (8.34448pt too wide) in paragraph at lines 509--510
\T1/ptm/m/n/10.95 alterao de posies e iluminao das quais os modelos matem
ticos dos detetores de caractersticas
 []

Package babel Info: Redefining portuges shorthand "|
(babel)             in language  on input line 513.
Package babel Info: Redefining portuges shorthand "|
(babel)             in language  on input line 525.
Package babel Info: Redefining portuges shorthand "|
(babel)             in language  on input line 529.
Package babel Info: Redefining portuges shorthand "|
(babel)             in language  on input line 529.
[24]
Overfull \hbox (8.15321pt too wide) in paragraph at lines 532--533
[]\T1/ptm/m/n/10.95 A ideia fundamental do RANSAC  calcular candidatos modelo 
a partir de amostras de conjuntos
 []


Overfull \hbox (4.77098pt too wide) in paragraph at lines 542--543
[]\T1/ptm/m/n/10.95 O valor \T1/ptm/m/it/10.95 s \T1/ptm/m/n/10.95 representa o
 nmero de pontos de dados a partir do qual o modelo pode ser instanciado,
 []

)
Package babel Info: Redefining portuges shorthand "|
(babel)             in language  on input line 135.
Package babel Info: Redefining portuges shorthand "|
(babel)             in language  on input line 135.
 [25]
\openout2 = `chapter6.aux'.

 (chapter6.tex
Package babel Info: Redefining portuges shorthand "|
(babel)             in language  on input line 2.
Package babel Info: Redefining portuges shorthand "|
(babel)             in language  on input line 2.
 [26



]
Cap\'{\i }tulo 3.
Package babel Info: Redefining portuges shorthand "|
(babel)             in language  on input line 2.
Package babel Info: Redefining portuges shorthand "|
(babel)             in language  on input line 6.
Package babel Info: Redefining portuges shorthand "|
(babel)             in language  on input line 10.

Overfull \hbox (2.34004pt too wide) in paragraph at lines 12--13
[]\T1/ptm/m/n/10.95 ROS (\T1/ptm/m/it/10.95 Robot Operating System\T1/ptm/m/n/1
0.95 )  uma \T1/ptm/m/it/10.95 framework \T1/ptm/m/n/10.95 para desenvolviment
o de \T1/ptm/m/it/10.95 sofware \T1/ptm/m/n/10.95 de robtica.
 []


Overfull \hbox (1.22777pt too wide) in paragraph at lines 19--20
[]\T1/ptm/b/n/10.95 Pacotes \T1/ptm/m/n/10.95 - O \T1/ptm/m/it/10.95 software \
T1/ptm/m/n/10.95 desenvolvido em ROS organiza-se em pacotes. Os pacotes so md
ulos
 []


Overfull \hbox (20.30345pt too wide) in paragraph at lines 19--20
\T1/ptm/m/n/10.95 que podem conter ns, bibliotecas independentes, \T1/ptm/m/it
/10.95 datasets\T1/ptm/m/n/10.95 , ficherisos de configurao, elementos
 []


Overfull \hbox (8.94867pt too wide) in paragraph at lines 20--21
[]\T1/ptm/b/n/10.95 Ns \T1/ptm/m/n/10.95 - Os ns so processos em ROS que exe
cutam computao, funcionando como programas.
 []

Package babel Info: Redefining portuges shorthand "|
(babel)             in language  on input line 21.
Package babel Info: Redefining portuges shorthand "|
(babel)             in language  on input line 21.
[27]
Package babel Info: Redefining portuges shorthand "|
(babel)             in language  on input line 29.
<figures/umldiagram.jpg, id=609, 1054.94125pt x 854.19125pt>
File: figures/umldiagram.jpg Graphic file (type jpg)
<use figures/umldiagram.jpg>
Package pdftex.def Info: figures/umldiagram.jpg  used on input line 36.
(pdftex.def)             Requested size: 256.07741pt x 207.34315pt.
Package babel Info: Redefining portuges shorthand "|
(babel)             in language  on input line 45.
Package babel Info: Redefining portuges shorthand "|
(babel)             in language  on input line 45.
 [28 <./figures/umldiagram.jpg>]
<figures/epipolar.png, id=617, 608.2725pt x 379.4175pt>
File: figures/epipolar.png Graphic file (type png)
<use figures/epipolar.png>
Package pdftex.def Info: figures/epipolar.png  used on input line 53.
(pdftex.def)             Requested size: 256.07741pt x 159.73636pt.

Underfull \vbox (badness 3930) has occurred while \output is active []

Package babel Info: Redefining portuges shorthand "|
(babel)             in language  on input line 67.
Package babel Info: Redefining portuges shorthand "|
(babel)             in language  on input line 67.
 [29 <./figures/epipolar.png (PNG copy)>]
Underfull \vbox (badness 10000) has occurred while \output is active []

Package babel Info: Redefining portuges shorthand "|
(babel)             in language  on input line 108.
Package babel Info: Redefining portuges shorthand "|
(babel)             in language  on input line 108.
 [30]
<figures/epipolar2.jpg, id=631, 318.18875pt x 318.18875pt>
File: figures/epipolar2.jpg Graphic file (type jpg)
<use figures/epipolar2.jpg>
Package pdftex.def Info: figures/epipolar2.jpg  used on input line 113.
(pdftex.def)             Requested size: 256.07741pt x 256.07585pt.
Package babel Info: Redefining portuges shorthand "|
(babel)             in language  on input line 125.
Package babel Info: Redefining portuges shorthand "|
(babel)             in language  on input line 125.

[31 <./figures/epipolar2.jpg>]
Overfull \hbox (3.71378pt too wide) in paragraph at lines 145--146
\T1/ptm/m/n/10.95 valores da translao e z e rotao, tx,ty,tz,rx,ry,rz, respe
tivamente,  calculada a matriz homognea,
 []

<figures/homog.png, id=639, 558.085pt x 276.03125pt>
File: figures/homog.png Graphic file (type png)
<use figures/homog.png>
Package pdftex.def Info: figures/homog.png  used on input line 150.
(pdftex.def)             Requested size: 256.07741pt x 126.66002pt.

LaTeX Warning: `!h' float specifier changed to `!ht'.


Underfull \vbox (badness 10000) has occurred while \output is active []

Package babel Info: Redefining portuges shorthand "|
(babel)             in language  on input line 164.
Package babel Info: Redefining portuges shorthand "|
(babel)             in language  on input line 164.
 [32]
Overfull \hbox (62.68501pt too wide) detected at line 189
\OML/ztmcm/m/it/10.95 H \OT1/ztmcm/m/n/10.95 = []
 []


Underfull \vbox (badness 10000) has occurred while \output is active []

Package babel Info: Redefining portuges shorthand "|
(babel)             in language  on input line 189.
Package babel Info: Redefining portuges shorthand "|
(babel)             in language  on input line 189.
 [33 <./figures/homog.png>]
Overfull \hbox (17.65903pt too wide) in paragraph at lines 195--196
[]\T1/ptm/m/n/10.95 Para o n \T1/ptm/b/n/10.95 visodoAgro \T1/ptm/m/n/10.95 fo
ram criadas as seguintes mensagens customizadas : \T1/ptm/m/it/10.95 "msgInfo"\
T1/ptm/m/n/10.95 , \T1/ptm/m/it/10.95 "msgTime"
 []

<figures/rosgraph2.png, id=652, 1449.16406pt x 277.035pt>
File: figures/rosgraph2.png Graphic file (type png)
<use figures/rosgraph2.png>
Package pdftex.def Info: figures/rosgraph2.png  used on input line 200.
(pdftex.def)             Requested size: 640.18703pt x 122.38612pt.

Overfull \hbox (213.39568pt too wide) in paragraph at lines 199--201
 [] 
 []

Package babel Info: Redefining portuges shorthand "|
(babel)             in language  on input line 225.
Package babel Info: Redefining portuges shorthand "|
(babel)             in language  on input line 225.
[34 <./figures/rosgraph2.png>]
Overfull \hbox (3.78581pt too wide) in paragraph at lines 227--229
[]\T1/ptm/m/n/10.95 Por outro lado, a mensagem \T1/ptm/b/n/10.95 "msgTime" \T1/
ptm/m/n/10.95 utilizada para comparar tempos de execuo , imagens
 []


Overfull \hbox (3.48375pt too wide) in paragraph at lines 227--229
\T1/ptm/m/n/10.95 perdidas entre o processamento e numero de imagens processada
s por diferentes tipos de algoritmos
 []

Package babel Info: Redefining portuges shorthand "|
(babel)             in language  on input line 263.

Overfull \hbox (6.22665pt too wide) in paragraph at lines 265--266
[]\T1/ptm/m/n/10.95 O Matlab  um \T1/ptm/m/it/10.95 software \T1/ptm/m/n/10.95
 de alto desempenho desenvolvido para o clculo numrico. Caracteriza-
 []

Package babel Info: Redefining portuges shorthand "|
(babel)             in language  on input line 270.
Package babel Info: Redefining portuges shorthand "|
(babel)             in language  on input line 270.
[35]
Package babel Info: Redefining portuges shorthand "|
(babel)             in language  on input line 270.
Package babel Info: Redefining portuges shorthand "|
(babel)             in language  on input line 274.
<figures/raspberry.jpg, id=663, 1218.80344pt x 813.0375pt>
File: figures/raspberry.jpg Graphic file (type jpg)
<use figures/raspberry.jpg>
Package pdftex.def Info: figures/raspberry.jpg  used on input line 283.
(pdftex.def)             Requested size: 256.07741pt x 170.81735pt.
Package babel Info: Redefining portuges shorthand "|
(babel)             in language  on input line 289.

Overfull \hbox (4.57901pt too wide) in paragraph at lines 291--292
\T1/ptm/m/n/10.95 ngulos de viso extremamente amplos. Em vez de produzir imag
ens com linhas retas de perspetiva,
 []

Package babel Info: Redefining portuges shorthand "|
(babel)             in language  on input line 293.
Package babel Info: Redefining portuges shorthand "|
(babel)             in language  on input line 293.
[36 <./figures/raspberry.jpg>]
Package babel Info: Redefining portuges shorthand "|
(babel)             in language  on input line 293.
<figures/circularfullframe.jpg, id=669, 281.05pt x 226.8475pt>
File: figures/circularfullframe.jpg Graphic file (type jpg)
<use figures/circularfullframe.jpg>
Package pdftex.def Info: figures/circularfullframe.jpg  used on input line 308.

(pdftex.def)             Requested size: 256.07741pt x 206.70152pt.

Overfull \hbox (7.2993pt too wide) in paragraph at lines 315--316
[]\T1/ptm/m/n/10.95 A lente especificamente escolhida  a representada na figur
a  [][]3.8[][], com a seguintes especificaes:
 []

<figures/lentfisheye.jpg, id=671, 60.69922pt x 60.69922pt>
File: figures/lentfisheye.jpg Graphic file (type jpg)
<use figures/lentfisheye.jpg>
Package pdftex.def Info: figures/lentfisheye.jpg  used on input line 320.
(pdftex.def)             Requested size: 170.71393pt x 170.74571pt.

LaTeX Warning: `!h' float specifier changed to `!ht'.

)
Package babel Info: Redefining portuges shorthand "|
(babel)             in language  on input line 138.
Package babel Info: Redefining portuges shorthand "|
(babel)             in language  on input line 138.
 [37 <./figures/circularfullframe.jpg>]
Package babel Info: Redefining portuges shorthand "|
(babel)             in language  on input line 138.
Package babel Info: Redefining portuges shorthand "|
(babel)             in language  on input line 138.
 [38 <./figures/lentfisheye.jpg>]
\openout2 = `chapter7.aux'.


(chapter7.tex
Cap\'{\i }tulo 4.
Package babel Info: Redefining portuges shorthand "|
(babel)             in language  on input line 1.

Overfull \hbox (3.46716pt too wide) in paragraph at lines 8--9
[]\T1/ptm/m/n/10.95 Para obter resultados repetveis, a plataforma ROS permite 
ao usurio reproduzir uma sequncia
 []

Package babel Info: Redefining portuges shorthand "|
(babel)             in language  on input line 10.

Overfull \hbox (2.64012pt too wide) in paragraph at lines 16--17
\T1/ptm/m/n/10.95 percursos efectuados foram : esttico, movimento em linha ret
a, movimento em L (semi-quadrado),
 []

Package babel Info: Redefining portuges shorthand "|
(babel)             in language  on input line 19.
Package babel Info: Redefining portuges shorthand "|
(babel)             in language  on input line 25.
Package babel Info: Redefining portuges shorthand "|
(babel)             in language  on input line 25.
[39



]
Package babel Info: Redefining portuges shorthand "|
(babel)             in language  on input line 31.
Package babel Info: Redefining portuges shorthand "|
(babel)             in language  on input line 35.
)
Package babel Info: Redefining portuges shorthand "|
(babel)             in language  on input line 139.
Package babel Info: Redefining portuges shorthand "|
(babel)             in language  on input line 139.
 [40]
\openout2 = `chapter8.aux'.

 (chapter8.tex
Cap\'{\i }tulo 5.
Package babel Info: Redefining portuges shorthand "|
(babel)             in language  on input line 1.
Package babel Info: Redefining portuges shorthand "|
(babel)             in language  on input line 3.
Package babel Info: Redefining portuges shorthand "|
(babel)             in language  on input line 5.
)
Package babel Info: Redefining portuges shorthand "|
(babel)             in language  on input line 140.
Package babel Info: Redefining portuges shorthand "|
(babel)             in language  on input line 140.
 [41



] (pdi.bbl
Package babel Info: Redefining portuges shorthand "|
(babel)             in language  on input line 1.
Package babel Info: Redefining portuges shorthand "|
(babel)             in language  on input line 1.
 [42


]
LaTeX Font Info:    Try loading font information for T1+pcrs on input line 11.

(/home/sergiopinto/.miktex/texmfs/install/tex/latex/courier-scaled/t1pcrs.fd
File: t1pcrs.fd 2004/07/09 scalable font definitions for T1/pcrs.
)
LaTeX Font Info:    Font shape `T1/pcrs/m/n' will be
(Font)              scaled to size 10.40245pt on input line 11.
Package babel Info: Redefining portuges shorthand "|
(babel)             in language  on input line 64.
Package babel Info: Redefining portuges shorthand "|
(babel)             in language  on input line 64.

[43])
Package babel Info: Redefining portuges shorthand "|
(babel)             in language  on input line 162.
Package babel Info: Redefining portuges shorthand "|
(babel)             in language  on input line 162.
 [44]
Package atveryend Info: Empty hook `BeforeClearDocument' on input line 162.
Package atveryend Info: Empty hook `AfterLastShipout' on input line 162.
 (pdi.aux (abbrevs.aux) (chapter1.aux) (chapter3.aux) (chapter6.aux)
(chapter7.aux) (chapter8.aux))
Package atveryend Info: Executing hook `AtVeryEndDocument' on input line 162.
Package atveryend Info: Executing hook `AtEndAfterFileList' on input line 162.
Package rerunfilecheck Info: File `pdi.out' has not changed.
(rerunfilecheck)             Checksum: 82F34CD0042E1F23FA621D2ED9F919CD;3641.
Package atveryend Info: Empty hook `AtVeryVeryEnd' on input line 162.
 ) 
Here is how much of TeX's memory you used:
 21420 strings out of 495223
 412157 string characters out of 3181359
 491324 words of memory out of 3000000
 24015 multiletter control sequences out of 15000+200000
 86103 words of font info for 124 fonts, out of 3000000 for 9000
 0 hyphenation exceptions out of 8191
 55i,12n,65p,1308b,592s stack positions out of 5000i,500n,10000p,200000b,50000s
{/home/sergiopinto/.miktex/texmfs/install/fonts/enc/dvips/base/8r.enc}</home/
sergiopinto/.miktex/texmfs/install/fonts/type1/public/amsfonts/cm/cmex10.pfb></
home/sergiopinto/.miktex/texmfs/install/fonts/type1/public/amsfonts/cm/cmmi10.p
fb></home/sergiopinto/.miktex/texmfs/install/fonts/type1/public/amsfonts/cm/cmr
10.pfb></home/sergiopinto/.miktex/texmfs/install/fonts/type1/public/amsfonts/cm
/cmsy10.pfb></home/sergiopinto/.miktex/texmfs/install/fonts/type1/public/amsfon
ts/symbols/msbm10.pfb></home/sergiopinto/.miktex/texmfs/install/fonts/type1/urw
/courier/ucrr8a.pfb></home/sergiopinto/.miktex/texmfs/install/fonts/type1/urw/s
ymbol/usyr.pfb></home/sergiopinto/.miktex/texmfs/install/fonts/type1/urw/symbol
/usyr.pfb></home/sergiopinto/.miktex/texmfs/install/fonts/type1/urw/times/utmb8
a.pfb></home/sergiopinto/.miktex/texmfs/install/fonts/type1/urw/times/utmr8a.pf
b></home/sergiopinto/.miktex/texmfs/install/fonts/type1/urw/times/utmri8a.pfb>
Output written on pdi.pdf (52 pages, 1624568 bytes).
PDF statistics:
 786 PDF objects out of 1000 (max. 8388607)
 181 named destinations out of 1000 (max. 500000)
 525 words of extra memory for PDF output out of 10000 (max. 10000000)

